        0.799502        0.161939      -0.0179976
        -0.99694       -0.754414        -1.99805
       -0.875344       -0.270047        -1.18614
       -0.942637      -0.0537053        0.827744
       -0.575268        -1.81895        -0.34869
        -1.32247         0.60338      -0.0597947
        0.143871      -0.0941937       -0.527684
        0.223974        -0.47424         2.22244
        0.833948        -0.78621       -0.902096
       -0.135861       -0.707522       -0.318051
        -2.16047         1.08491        0.628569
       -0.267235        0.657216       -0.179291
       -0.151793        -1.07698        -1.46301
       -0.431529       -0.308911        0.402515
        0.737549       0.0598239         1.41789
        0.269924       -0.193325        0.707301
         -1.0538       -0.872667       -0.934656
       -0.550272       0.0821934        0.496156
      -0.0719193         1.67343        0.814862
       -0.229397       -0.691483         0.45685
      -0.0044039       -0.112099       -0.199435
       -0.148479       -0.993096        0.267622
       -0.745671        -1.32596       -0.362904
        -0.44747         1.89103       0.0683885
       -0.680862         1.05225        0.676678
        0.108964       -0.165168        0.353822
        -1.24806        -0.12007       -0.249586
       -0.572984        -1.03249        -1.35957
       -0.187984     0.000249592       0.0818039
        -1.42754         2.26899       -0.363951
        0.938823       0.0478027         2.08908
         1.32601         1.39197       -0.704016
         1.10395        0.664448        -1.48957
         2.59494      -0.0822703        0.194683
        0.283396        0.673015      -0.0842298
         1.81544       -0.531823        0.765815
       -0.500145        0.678999        0.444654
        0.723391       -0.846329        0.226463
        0.171677       -0.810055       -0.299515
       -0.244583       -0.691633      -0.0162532
      -0.0197058       -0.266148       -0.193988
        0.983144       -0.352671      -0.0153707
        0.133082        0.349954        0.247635
        -1.15822        0.108608       -0.301036
        -1.20592       -0.121987        -1.81195
        0.185805       -0.498718       -0.366402
         1.09276         1.10681        0.261887
        0.382956       -0.156829        0.596899
        0.610153        0.939969         1.08511
        0.227229       -0.392812       -0.883571
       -0.212225       -0.516382        0.653588
         0.18929        0.358271        -1.20105
        0.485214         1.21685      -0.0718494
       -0.694293        -1.25142       -0.673634
        -0.10797        0.751755         2.08032
       -0.862633       -0.481827         0.39238
       -0.623835        0.256611        -0.60275
         2.20251       0.0865997        0.134629
         1.12278     -0.00528059         1.93695
       0.0132846        0.313894         1.39778
      -0.0982098      -0.0192529        -1.28001
        0.570166        0.598035          0.7279
        -1.57497        0.492382        0.330455
        0.473451        0.869599        0.618821
      -0.0297257       -0.118996       -0.738089
         -1.5341        -1.14594        0.295192
        -1.56142        -1.13255       -0.137118
        0.711279        -1.08005        0.154774
         1.94681        0.339155        0.308766
         0.92924         1.01164        -1.31416
       -0.804214         1.36806        0.920017
         0.13258        -1.13757      0.00126342
        0.847374        0.795374         2.16044
       -0.592002       -0.814042        0.854567
        0.338714       -0.508446       -0.618581
        0.838675         1.36313       0.0669487
        -1.69485       0.0948793         -1.6843
        0.321704      -0.0916051        -1.48657
       -0.141285       -0.471565       -0.200904
        0.247252         0.53466       -0.640424
        0.381892         -1.4496         1.73284
        0.310165       0.0745467          1.0236
       -0.311638         1.35008         1.29625
         1.43781         1.72763        -1.61523
        -1.67156      -0.0293808       -0.703489
       -0.168311        -1.01453        0.134944
       -0.680856        0.416158        0.383986
         1.37508        -2.33021       -0.706119
       0.0823961         1.02355       -0.543052
       -0.214741         1.03003        0.454987
      -0.0311945       -0.984417         1.62749
        0.384081         1.55479       -0.578076
       -0.172107        0.451695       0.0856291
        0.893076        -1.21661         1.07557
         1.04143       -0.353512        -1.39189
       -0.457708       -0.173281      -0.0176744
     -0.00496414        0.270924        0.913671
       -0.435216       -0.867276         1.84975
        0.535257        0.453009         -1.5798
        0.233704       -0.205904        -1.71718
        -1.34289        0.974604        -1.77509
       -0.316213       -0.179152        -0.33767
        0.550324        0.238378       -0.362788
       -0.229639        0.391365        0.962567
        0.798924       -0.839407       -0.800118
       -0.022955        0.144681       -0.559456
       -0.491792       -0.463932       -0.995929
        0.355518       -0.564374         1.05888
