       -0.332274         2.22888        0.560521
         0.12035       -0.334268       -0.329133
       -0.998597         -1.4821        -1.47995
       -0.929191        0.360627        -1.83661
         1.46544        -1.01805        0.105792
       0.0472896        -1.40442        0.551488
        -1.69419        0.715223       -0.400299
        -1.39897        0.711334       -0.652346
         1.24246         1.38433        -2.20432
       -0.494901         1.15802       -0.179957
      -0.0979699      -0.0162688      -0.0445792
         2.03382         2.39906        0.752208
       -0.625855        0.402768       -0.933964
       -0.301154        0.475987         1.58238
        -0.74431         1.40118       -0.714099
        0.440146       -0.729424        0.181088
        0.452206        -1.93023        0.897395
        0.581912       -0.152882       -0.319706
         1.50546         0.75706         2.49369
        -1.28274         1.07555       0.0603776
       -0.742001        -0.58408       -0.820305
        0.973257         1.34907        0.204828
       -0.200684         2.18722       -0.611728
        0.544943        0.469502        -2.22813
       -0.445935        -1.02748       -0.523055
         1.40461        0.126276        0.228381
        0.700621        0.762218         1.92096
         1.68044       -0.104276         1.45836
       -0.377015       -0.739604         0.75543
       0.0299414        -1.19265        -0.78556
         1.46911         1.64304       -0.584111
        0.395126       0.0415365         2.26726
        0.641374        0.381244      -0.0727549
       -0.826042       -0.403394        0.520323
       -0.924672         0.10586       0.0835983
         -2.6643       -0.874168        0.972915
        0.748612         1.06343         1.70677
        0.523978       0.0905024      -0.0941335
       0.0132356      -0.0883126        0.673369
       -0.801284       -0.498417        -1.72324
       -0.123959        0.850159       -0.253248
        -1.15651       0.0961495       -0.545742
       -0.388064        -0.54107        -1.35414
       -0.496572       -0.908575        0.905257
        -1.16214        -0.87466        -1.46404
        -1.35107         1.13923         -1.1247
         1.07996        -1.43026       -0.147642
        0.377807       -0.212969        0.458965
        0.706414        0.765018       -0.109415
        -1.10293         1.80105         -1.7912
        0.185313        0.911792      0.00225019
        -1.43466       -0.484333        0.939249
       -0.399181        0.185842         2.10262
          1.7768        -2.87281        -0.87227
        -1.79366       -0.289696        0.488534
       -0.205842         1.58999        -2.91885
        -1.43604        0.690381         2.22495
       -0.552907       -0.980669       -0.992205
       -0.249343         1.39494       -0.416864
        0.613159         0.29917       -0.902057
        0.284546        -1.42775        -1.61703
        0.140862       0.0764995       -0.391618
        -1.46432        -1.17568        -1.13957
         1.83716     -0.00773587         1.11824
         2.46885        -1.39644        -2.10063
        0.427033         -2.7807       -0.846859
        -1.58356        -1.07314        0.800766
        -1.07572       -0.250111       -0.854602
        0.717322         1.08781        0.578517
       -0.446377       -0.767677        0.856273
        -1.84776        0.165934        -0.68331
       -0.324393      0.00744766        0.880235
       -0.223928        -0.26655        -0.52387
        -1.13612          -0.801        0.296603
        0.158295       -0.557161        0.635787
       0.0476817        0.641581       -0.753818
       -0.383558       -0.808892       -0.734573
        0.310427         1.85864         2.61972
         3.22261        0.450079       0.0488144
        -1.43324       -0.898861       -0.725427
        0.707093        -1.53462           1.735
          1.6469        0.879308       -0.596922
        -1.16329         -1.8019        0.107073
       -0.298882        0.032788        0.701627
          1.3381        -1.21061       -0.209331
        -1.68728         1.55909       -0.524845
        0.148355        0.770504        -1.78857
       -0.145921        0.104234       -0.370776
        0.989483         1.04593         2.37431
         1.90404       -0.417338        -2.19006
        0.957991        0.399621       -0.332671
         1.10923       -0.897303        -1.06585
        0.438817       -0.100752        0.143463
       -0.063245         0.11327       -0.398855
        0.665408        -1.41569      -0.0642877
         1.20012         -1.2671        0.957301
       -0.394413        0.556994        -1.23734
        0.854003        -1.26607         1.75426
       -0.676194       -0.873668         1.11716
        -1.53123        0.373272         0.51447
         1.54627          0.8696         0.40519
        -1.10313        0.804385         1.95104
        0.157629        0.789071        0.398942
         2.43189        -1.82467        -1.25982
         -1.1591         0.71967        0.832701
       -0.980613         2.62138         1.73399
       -0.013307      -0.0184774         2.54927
       -0.593369       -0.925739        -0.36871
