       -0.875312       -0.889548         1.05553
         1.67936        -2.00572        -4.79311
       -0.565087       -0.950589        0.764559
         1.86006         -0.9022        0.570005
         1.98366        0.208676       -0.599313
        0.305862        -1.74747         1.02033
        0.168015         1.29023        -1.02844
        -1.73668      -0.0184467       -0.625689
        -1.07279        -0.76609       -0.776279
         1.65133         1.19524         2.05356
         -1.2826       -0.932466       -0.714612
         0.38773        0.187645       -0.881384
        0.671366       0.0654353         1.06621
         1.44502          1.1503        0.679307
         1.29126        0.488402         1.07792
         1.58961         1.18183        -1.79744
         2.16006       -0.773516         1.54973
       -0.578843        0.606297       -0.945967
        0.875759       -0.379045       -0.789854
     -0.00702536       -0.117483       -0.971258
       -0.237236        0.126343         1.07773
        0.540022        -1.11993        -1.32205
         1.44838         1.35048        0.849207
       -0.824452        -1.07381         1.66198
        0.783707        0.603859        0.457268
        0.612139       -0.258288        0.555678
        -1.61973       -0.436047       -0.576731
          2.2626        -1.93135        -1.54244
        0.234617       -0.642905         1.10707
        -0.10455         2.11745       0.0610849
         1.85241        0.763932        -0.45253
       -0.183058       -0.472811        0.621713
       -0.520142        0.213892       -0.175023
        0.586622       0.0652455        0.500466
         1.40166        0.264043        0.673746
       -0.495048        0.863315        0.503418
        0.632336         1.80255        0.198045
        0.350426       -0.890752        0.611722
        0.130787        0.324332        -0.49526
       -0.233194         1.10801       -0.151625
       -0.970265        0.111288        0.310006
        -1.17883       -0.734871        -2.33356
       -0.614247        0.630501        0.646237
        -1.46922         1.51679        -2.09019
        -2.52956        -1.05372        -0.15884
         1.97256        -2.01876        -1.96146
         1.87671       -0.452935       -0.408402
       0.0450048         1.66125       0.0858332
        0.830782        0.525494       -0.688716
        -2.33737       -0.486305         -2.2143
       -0.834305      -0.0711167       -0.229182
       -0.856527       -0.851028        0.331119
       0.0179204        0.814539        0.914254
       -0.349377       -0.933501       0.0199421
        -1.89236         1.42886        0.685369
       0.0453522       -0.807578        -0.86963
         1.36857        0.351813        -1.90807
       0.0536039       -0.312574        -0.23594
        -1.40102       -0.350165       -0.959446
          2.1649         -2.2676        0.324034
       -0.185788        0.552499       -0.552994
        -2.24408       0.0288917       -0.921647
         1.19403        0.595064       -0.691601
       -0.311671       -0.705765         1.99077
         1.06676       -0.165574        0.191319
       -0.213017       -0.738514        -0.32873
        -1.55389       -0.740793       -0.984628
        -1.14828        -1.00307         2.47238
       0.0878772       -0.223294        0.404344
       -0.205151       -0.461865          1.7629
       -0.461308       -0.868847       -0.251255
        0.132211        0.129166        0.399848
        -1.17449       -0.455229         1.25191
        -1.96952       -0.882782        -0.72041
       -0.114316         1.41781       -0.972479
         1.31472        0.325408        0.471905
        -0.37933       -0.518492        0.550868
        0.257334          1.0309         -2.2868
        0.824127         0.81341        0.511292
        0.348924        0.342155        -1.62615
        -2.87924         0.85337        0.586006
       -0.974628       -0.939888        0.649306
        0.894844         2.68264        0.877857
        -1.71207        -1.01938       -0.321762
        -1.69235        -1.38559         1.28994
         1.16728       -0.319543          2.7629
        0.722581       -0.915998        -1.38209
       -0.852035        0.569824        0.630382
       -0.441039     0.000703324         1.58618
        0.568547           0.605         1.28796
       -0.169876         2.53845        -0.59601
       -0.687024       -0.743931      -0.0745565
          1.1922       -0.829992          2.7855
        0.407554          1.0032         -1.8707
         1.09894       -0.597904        0.713837
      -0.0594394        -1.77634        0.229313
        -1.10017       0.0976202         1.78866
       -0.955593        0.447651      -0.0615245
        0.183276          1.4006       0.0587073
        0.793997       -0.501511       -0.677257
      0.00658886         1.65022        0.893318
       -0.316632         1.39535         2.02487
       -0.680236        -1.13595      -0.0752783
        0.466429        0.926919       -0.629909
        -1.07761         1.41511     -0.00164485
         0.28542        0.646115        -1.02253
       -0.556864        -1.50512        -1.73654
        0.590618        0.597903        0.277884
