         3.03753       -0.209494        0.308091
        -1.03984        0.184936       -0.292347
       -0.920686        0.481209       -0.659017
       -0.075572       -0.658709       -0.451392
       -0.690071         1.64808         1.71301
       -0.495833         -2.6501      -0.0627639
       0.0839743        -0.55425       -0.355208
        -1.28125        0.312198       -0.924984
       -0.790884         1.46849       -0.998146
        0.970316        0.627517        0.335649
       -0.959402       -0.430582        0.032163
        0.471084         1.04869         1.38646
        -1.43712       -0.164639       -0.495685
         1.29435       -0.105488        0.294068
       0.0115606        0.336017        -1.18586
         1.37802        -1.09252      0.00594397
        -1.34274         0.88522         1.02762
         1.26691       0.0686864       -0.113977
       -0.662855         -1.9118        0.404116
      -0.0551178         1.28362        0.748404
        0.290391        -1.43457        0.122621
     -0.00398045       0.0885203       -0.186655
        -0.13691        0.102117        0.390813
       -0.757475       -0.256555        -1.24563
        0.270942       -0.323578       -0.422771
        -1.05781        -2.41577        0.303942
     -0.00610732        -1.30738        0.170031
        -2.05794       -0.403692       -0.174189
        0.456941       -0.345151         1.67198
         2.38586       -0.367207       -0.162554
        0.867023       -0.456303        0.405898
      -0.0820858       0.0177539        -1.45581
        -1.04608       -0.657252        -1.44985
      -0.0545023         1.03622         1.09792
     -0.00588182       -0.561868       -0.579974
       -0.754168        0.863401        0.772501
          1.1863       -0.612978        -0.60964
         1.32852       -0.664948       -0.527045
        -1.48539        0.195098        0.869283
        0.203377       -0.962485        0.779828
         -1.1054         1.41291        0.399238
        0.890618        0.165392        0.475457
       -0.942533       -0.213032        0.101328
       -0.791886       -0.317469        -1.42774
           1.253        0.280608       -0.619551
      -0.0807776         1.26432        0.498821
         4.35966        0.557118        0.220642
       -0.104593       -0.289949        -1.09502
        -1.61446        0.957479       -0.494637
        -0.58341        -1.19164         1.54286
        0.135572       -0.480887       -0.655543
         1.02899        0.697712        -1.22957
       -0.350169        0.176486        0.634657
      -0.0676253        -2.33516       -0.449818
        0.490079          2.6031       -0.490185
        0.420856       -0.236777        -0.77112
        -1.64293        0.663928       -0.129313
       0.0670078       -0.683429        0.196213
        -0.17538        -0.27434         1.50128
      -0.0688327         1.69331        -0.13769
        0.470026        -0.41543        -0.86435
         1.03539        0.557079        0.936932
        0.610057        0.901768        0.259194
         1.19226         0.87677       -0.630363
         -1.0018       -0.404268       -0.498949
       -0.391531       -0.926134       -0.982695
          1.3389         2.48491        0.871049
       -0.230692        0.137609        0.126567
        -2.09559         0.15881         1.14347
       -0.462878       -0.639577         2.47597
         1.62572         2.01138        0.210657
       -0.821729         1.66862       -0.355721
       -0.391926         2.01589       0.0910285
         1.88695         0.52371        0.693536
        -2.41264        0.883881         1.03968
        0.130377       -0.726563         3.15164
       0.0044528      -0.0559998          1.3067
        0.941445        0.491473         1.99525
       -0.643836       -0.505685       -0.766714
       -0.302752       0.0538267       -0.304076
         1.34129       -0.539384       -0.398081
       -0.264957        0.743791        -1.00595
       -0.618591       -0.400985       -0.626259
        -2.33075         1.19436         -1.2809
         0.70181        -2.03377         -1.3636
         1.90208         2.36725        0.469852
         1.92431       -0.391321          1.7357
         2.58359         0.87948          0.5316
         1.42372        -1.71041       -0.254253
       0.0867596      -0.0076837      -0.0119012
        -3.04345        0.712628        -1.83799
        0.992183       -0.148303        0.234963
        0.908939        -1.00171       -0.352162
       -0.441556        -1.82947       -0.307023
         0.38596        0.563069          1.1446
         1.13347        -1.95004        -1.97429
        0.274586       -0.104593       -0.393654
        -1.41592       -0.253312       -0.154171
        0.640382        -0.80474         -0.4558
        -1.91615        -1.42692       -0.599966
        0.473903        0.195372       -0.157277
        0.317907        0.165231        0.015887
        -1.05708        0.236156        0.980596
        0.323689        -1.06784       -0.499968
       -0.649499        0.606962       -0.734656
       -0.996812      -0.0601233       -0.571467
         -1.0672       -0.358209       -0.400538
          -1.514        0.782305        -0.18925
