        -2.23814        0.539196          1.9404
        0.481122         1.10739       -0.999283
        0.123436       -0.102996       -0.466621
        -2.78962        -1.00425        0.552817
         2.09366         2.32005        -0.38843
       -0.308389        0.285031         1.60142
        0.825287        0.551239        -1.74122
        0.116655        -2.48957      -0.0484628
        0.251934        0.282065       -0.605625
        0.614537        -0.93561       -0.752342
        0.880903         2.11737        -2.34679
       -0.853852         -1.4192       -0.510001
        0.326387       -0.412029        -1.65241
       -0.891294       -0.117608         1.45552
         1.35954       -0.410378          1.6063
         1.14544          1.3442       -0.124564
        0.587686       -0.813301        -0.73908
         -1.4395         1.36446         0.22383
        0.334172        0.881191       -0.492018
          2.0007        0.835822        0.485193
        -2.29279       -0.361741        0.512582
        -1.19851         1.41536       -0.494068
       -0.417219       0.0465874        0.792804
        0.897073       -0.915151         1.48295
         1.70885        -1.67521        -1.24029
         1.81788         2.00573        0.329699
        -1.86798       -0.585514         -0.5226
        0.380871       -0.359651        0.189492
           1.476        0.296925        0.608608
      -0.0325493        0.379887         0.40223
         2.34582        0.411067         1.21891
          1.1669        -2.14744       -0.260775
       -0.067429        0.110135      -0.0470322
        0.320331       -0.913235    -3.47274e-05
       -0.353923         1.00218         1.89678
       -0.836885        -0.95096        0.372145
       -0.988658        0.578241        -1.87307
        -1.37398        -2.06171        0.902173
       -0.772861        0.662679        -0.94581
         1.59376        0.296536        -2.07926
      0.00738195        0.729046         1.77858
        0.807724       0.0682268         1.71171
        0.886932       -0.214433        -1.11004
       -0.351639         1.99896      -0.0847503
       -0.682146        0.466354        -1.10221
        0.724288         2.71438        0.932983
        0.358095        -0.15565        0.952657
       -0.638545       0.0748403       0.0826317
        -1.27015        -0.58542       -0.343416
        0.221089       -0.284238       -0.398448
        0.645007       -0.298295        0.343516
       -0.828814         2.27429       -0.441995
       -0.635325         1.03964        -1.98868
        0.418989        -2.70701        0.310324
       -0.176278      -0.0191919        0.255782
       -0.885146        0.358515         1.41842
        0.552916        -2.70084       -0.207432
        0.607315        0.747572         1.73203
        0.122529        0.204477         1.18275
       -0.177544        0.828343         1.24308
       -0.554671        0.613411       -0.051008
        0.202044         2.73151       -0.156723
       -0.350255       -0.214645        0.864734
       -0.463618        -1.25309        -1.56611
        0.612109        0.568241         1.97401
        0.610822         0.15885        0.795581
        0.924521        0.253646        0.237539
        0.483045      -0.0227101       -0.713774
       -0.299547        0.666969      -0.0951726
        -2.56475        -1.41037        0.963799
        -1.72971        0.459925       -0.115239
        0.465712        0.210241        0.507254
          -1.587         1.03177       -0.352395
        0.343966       -0.286113        -0.66921
        0.597548        -1.44083         1.66624
         0.79269        0.210492          1.0871
        0.211452        -1.20814        0.508541
        0.516571       -0.747241       -0.747302
         1.12254       -0.103466         1.93006
        -1.18763        0.876155        -1.39619
         1.60358       0.0096763      -0.0670958
        0.240609        0.902065        -0.60907
        -0.41251       -0.160277         1.06482
        -1.33494         2.03824         1.39225
         0.21122       0.0603953         1.02573
         0.71418         0.68904        -1.32744
       -0.241981        -1.76573       -0.165476
        -1.25954        -1.28213       0.0919285
        -2.57628       -0.448511       -0.250196
        0.953433        0.327338       -0.266701
        -1.02338        0.859273        0.946362
        0.142373        0.281621        0.348804
         1.05985        0.659478       -0.446343
      -0.0764828        -1.02311        -2.25323
        -1.02299       -0.868961       0.0806095
       -0.133382        0.478663       -0.621816
         1.02485        -1.82832        -2.70199
        0.452664        -1.78954        -1.36979
        0.934754       -0.756501        -1.21539
        0.380895       -0.732427          2.1665
      -0.0818585       -0.566143        -1.88155
        -1.73788         1.07273        0.294162
        0.777981       -0.343545        0.360937
       -0.416653         1.53612        0.659957
         0.52628        -2.30146        -1.04411
       0.0428834        -1.34148        -1.89754
       -0.999439        0.539812       -0.222815
        0.273867        -1.03826        -1.27478
