        0.750843        -1.42338        0.616456
        0.111129        0.786875       -0.497547
        -1.35353         2.43543        0.445108
         1.19564       0.0375151       -0.382186
        0.244774      -0.0958768      -0.0785228
        0.798326         0.14127        0.342736
       -0.854682         1.97091        0.903822
        -1.45118        0.920422       -0.840828
       -0.917312        -0.24085         2.38313
       0.0851776        -1.36821        -1.10305
       -0.421821       -0.204208        0.822181
       -0.303043        0.148148       -0.993538
       -0.454793        0.474353       -0.589157
        -0.68405       -0.771729         1.30935
         0.83686       -0.355688        -1.69814
        -1.50348         2.02915        0.246962
       -0.251309         1.14403       0.0375878
        0.754726        -1.09441       -0.355174
        0.147122       -0.495922      -0.0514406
        0.877258      -0.0433101       -0.521896
        -1.26404        0.573062        0.782948
         -0.8467        -1.06189       -0.196214
       -0.299155       -0.779694         -1.3617
        0.724375        0.972468       -0.321827
        0.528528       -0.792721       -0.526713
       -0.124659       -0.554754        0.611101
        0.245022       -0.730369       -0.273525
         1.20386        0.189387        0.889031
        0.511743        0.455487        0.204575
         1.20522         0.59236        -0.85186
        -1.03386        0.350262       -0.334741
        0.136967       0.0556174      -0.0572649
       -0.294884       -0.603007      -0.0998006
       -0.701066        -0.48662       -0.196595
         2.33579        0.350765       -0.528598
        0.240815        0.688156       -0.279105
       -0.351678         2.22859        0.711567
       0.0457584        0.448014       -0.719708
       -0.669568       -0.091573         2.39938
        -0.91458         1.53831        0.291781
       -0.473244       -0.519827        -0.45609
        0.967697       -0.618442         1.08676
        -1.80309        -1.72563       -0.285518
        0.109994         1.15265        -1.16048
        0.943242       -0.148367         1.66454
         0.51811        -1.56709        0.782526
        0.240158        0.710418        0.555688
        0.889997       -0.432658       -0.450844
        0.620604        -0.41209        0.247371
        0.277916       -0.568872        0.157707
        0.109667       -0.644307        0.333656
       -0.737679          1.4675       -0.593485
        -1.44145        0.750874        -1.52144
       0.0734488        -1.40626        0.172852
        -1.40445        -1.13265       -0.645854
        -1.37146       -0.258565         1.17722
       -0.263074         1.27281       -0.941222
         1.25988       -0.694177         1.32993
        0.132228        -1.16912        -2.71952
        0.783746       -0.649169         1.95129
       -0.709887        -1.03941         2.22225
        0.592827       -0.320032       -0.645852
        0.216318         -1.2486       -0.217619
       0.0766673        -2.17518        -1.38401
        0.231486       -0.316588        0.027083
        -1.56008       -0.147145      -0.0631391
        0.542546         1.67013       -0.803569
       -0.487884        -0.73129         1.52215
        0.428006       -0.845824       -0.278359
       -0.480571        0.220946         1.25975
       -0.136914        0.139319        -1.77441
        0.938179       -0.583235        -0.62915
        0.849752        0.120529         -1.1235
        0.269238       -0.061952       -0.109452
        -1.10254       -0.623071       -0.545656
        -1.12867        -1.81558          -1.248
       -0.317802         1.03437        -1.14092
        -1.50948        -1.42429       -0.629641
       -0.381755        0.648055       -0.828255
       -0.885358        -0.29127         0.86953
         1.20045         1.16898       -0.568204
       -0.383694        0.169073        -1.26654
         1.16219      -0.0213682         1.57825
         1.30984         0.24924       0.0936004
        0.490394         1.63891        -1.09608
        0.332581       0.0644645         1.04888
       -0.616578         1.19907        0.947408
        0.428642        -1.50532      -0.0682252
         1.61138         1.81086         0.31532
          1.1586        0.944403        0.332201
       -0.272484         1.28726       -0.464947
        0.509192        -1.28398        0.801814
        -1.54467        0.938152        0.868434
       -0.916641        -1.94321       -0.198541
        0.558349      -0.0731661         1.98292
       -0.912158          0.2273          1.1023
        -1.94325        0.910648     -0.00764987
         0.23122        0.244846        -1.39227
        0.084822       -0.504055         0.56731
         1.11836       -0.198578        0.724348
     -0.00310793       -0.422826        -0.33348
        0.450358         1.03334       -0.270912
         1.23541        0.755408       -0.328735
        -0.59518        -1.46316       -0.726464
       -0.393522         1.31353          1.0103
         1.84862        0.316718       0.0532541
       -0.935216       -0.219971         1.46473
         1.62525        0.410146        -1.47189
