1            0.5
1            0.5
1            0.5
0.880685       0.651291
0.614486       0.565124
0.416678       0.495896
0.338676       0.804108
0.338676       0.804108
0.111562        1.10186
0.0182491        1.07476
0.244833        1.01762
0.34092         1.1742
0.34092         1.1742
0.308293        1.15263
0.305857        1.01411
0.54339         0.8486
0.329793        1.01457
0.423165        1.01709
0.405752       0.874936
0.405752       0.874936
0.405752       0.874936
0.308889       0.826524
0.479182       0.799939
0.485867       0.727607
0.648543       0.574865
0.789924       0.522615
0.915386       0.688612
0.915386       0.688612
0.771826       0.536626
0.771826       0.536626
0.711138       0.704156
0.711138       0.704156
0.801499       0.761053
0.734362        0.74171
0.840839       0.809797
0.839027       0.664043
0.79857       0.665662
0.79857       0.665662
0.79857       0.665662
0.79857       0.665662
0.79857       0.665662
0.681979       0.698434
0.568406        0.76022
0.568406        0.76022
0.568406        0.76022
0.600011       0.696549
0.739988          0.686
0.785314       0.599882
0.785314       0.599882
0.802095        0.66314
0.791325       0.714006
0.771796       0.759374
0.901356       0.707697
0.901356       0.707697
0.901356       0.707697
0.921538       0.676811
0.921538       0.676811
0.921538       0.676811
0.895605       0.671569
0.836732       0.625073
0.787305       0.730039
0.787305       0.730039
0.787305       0.730039
0.787305       0.730039
0.678489       0.712472
0.720405       0.650418
0.769727       0.686353
0.77109       0.643113
0.77109       0.643113
0.77109       0.643113
0.77109       0.643113
0.77109       0.643113
0.77109       0.643113
0.70636       0.557225
0.70636       0.557225
0.70636       0.557225
0.70636       0.557225
0.782026       0.603857
0.782026       0.603857
0.782026       0.603857
0.782026       0.603857
0.782026       0.603857
0.855711       0.551147
0.770484       0.596694
0.770484       0.596694
0.770484       0.596694
0.770484       0.596694
0.761996       0.629505
0.761996       0.629505
0.833076       0.699692
0.849036       0.684628
0.770001       0.692213
0.860441       0.616139
0.860441       0.616139
0.860441       0.616139
0.810891       0.660798
0.749214       0.594322
0.791838         0.6425
0.791838         0.6425
0.794533       0.580785
0.794533       0.580785
0.85263        0.54267
0.85263        0.54267
0.85263        0.54267
0.793271       0.587846
0.793271       0.587846
0.866554       0.610852
0.769955       0.695573
0.792213       0.692597
0.792213       0.692597
0.792213       0.692597
0.792213       0.692597
0.807985       0.632737
0.807985       0.632737
0.790901       0.660846
0.790901       0.660846
0.796072       0.661257
0.796072       0.661257
0.796072       0.661257
0.752427       0.607601
0.752427       0.607601
0.752427       0.607601
0.752427       0.607601
0.738589       0.631464
0.824988       0.639731
0.824988       0.639731
0.824988       0.639731
0.824988       0.639731
0.818164       0.560894
0.811982       0.554688
0.811982       0.554688
0.811982       0.554688
0.811982       0.554688
0.811982       0.554688
0.802219       0.581001
0.802219       0.581001
0.720167       0.604559
0.801295       0.593149
0.801295       0.593149
0.801295       0.593149
0.801295       0.593149
0.801295       0.593149
0.801295       0.593149
0.877529       0.674103
0.877529       0.674103
0.87971       0.634909
0.87971       0.634909
0.866736       0.584732
0.866736       0.584732
0.789553       0.569398
0.825506       0.558059
0.856494       0.576637
0.856494       0.576637
0.857907       0.649742
0.801294       0.626989
0.824875       0.658513
0.824875       0.658513
0.824875       0.658513
0.859988       0.606813
0.859988       0.606813
0.859988       0.606813
0.859988       0.606813
0.859988       0.606813
0.837327        0.54263
0.787498       0.590009
0.787498       0.590009
0.787498       0.590009
0.787498       0.590009
0.787498       0.590009
0.761133       0.622341
0.761133       0.622341
0.804903       0.584001
0.848404        0.61262
0.848404        0.61262
0.776229       0.567407
0.776229       0.567407
0.776229       0.567407
0.838703       0.565828
0.772562       0.594706
0.80539        0.60225
0.810927       0.643853
0.773608       0.620978
0.804578       0.647721
0.804578       0.647721
0.760775       0.669973
0.780192       0.670867
0.732659       0.644202
0.785254       0.668731
0.82309       0.648162
0.824788        0.65713
0.848457       0.667051
0.848457       0.667051
0.880626       0.622384
0.832892       0.643308
0.832892       0.643308
0.832892       0.643308
0.855447       0.611071
0.794757       0.582576
0.811412       0.616455
0.811412       0.616455
0.811412       0.616455
0.811412       0.616455
0.811412       0.616455
0.811412       0.616455
0.811412       0.616455
0.794091       0.634248
0.794091       0.634248
0.79938       0.639384
0.820259       0.628727
0.820259       0.628727
0.820259       0.628727
0.820259       0.628727
0.799082       0.588084
0.799082       0.588084
0.838082       0.633544
0.838082       0.633544
0.838082       0.633544
0.838082       0.633544
0.836908       0.596004
0.836908       0.596004
0.859543       0.653849
0.859543       0.653849
0.859543       0.653849
0.859543       0.653849
0.859543       0.653849
0.805266       0.591812
0.805266       0.591812
0.805266       0.591812
0.805266       0.591812
0.832517       0.574661
0.820434       0.623361
0.759398       0.598912
0.759398       0.598912
0.773468       0.606223
0.773468       0.606223
0.773468       0.606223
0.824346       0.592562
0.824346       0.592562
0.824346       0.592562
0.824346       0.592562
0.765444        0.61378
0.765444        0.61378
0.788022        0.61876
0.820318       0.628834
0.825409       0.647263
0.825409       0.647263
0.81961       0.630172
0.81961       0.630172
0.774552       0.604192
0.774552       0.604192
0.774552       0.604192
0.774552       0.604192
0.774552       0.604192
0.782258       0.592874
0.782258       0.592874
0.841588       0.633316
0.841588       0.633316
0.841588       0.633316
0.788507       0.658128
0.788507       0.658128
0.788507       0.658128
0.788507       0.658128
0.842012       0.630722
0.842012       0.630722
0.817017       0.611847
0.817017       0.611847
0.817017       0.611847
0.776306        0.58001
0.776429       0.628579
0.836615       0.608537
0.836615       0.608537
0.836615       0.608537
0.836615       0.608537
0.827822       0.575451
0.822142       0.627418
0.863546       0.635844
0.82027        0.65843
0.849001       0.643908
0.82384       0.592932
0.82384       0.592932
0.82384       0.592932
0.82384       0.592932
0.817932       0.612356
0.780461       0.632131
0.780461       0.632131
0.794745       0.656159
0.83893       0.612133
0.83893       0.612133
0.781846       0.603447
0.781846       0.603447
0.731558        0.62795
0.774834       0.577403
0.774834       0.577403
0.774834       0.577403
0.793368       0.627384
0.793368       0.627384
0.793368       0.627384
0.793368       0.627384
0.793368       0.627384
0.776209       0.594642
0.776209       0.594642
0.776209       0.594642
0.751315       0.632272
0.76931       0.601611
0.76931       0.601611
0.748703       0.640231
0.797302       0.640183
0.797302       0.640183
0.797302       0.640183
0.797302       0.640183
0.761804       0.627129
0.761804       0.627129
0.761804       0.627129
0.779636       0.616359
0.779636       0.616359
0.779636       0.616359
0.779636       0.616359
0.779636       0.616359
0.779636       0.616359
0.819203       0.634648
0.849374       0.597229
0.800751       0.623303
0.800751       0.623303
0.800751       0.623303
0.800751       0.623303
0.800751       0.623303
0.764939       0.610687
0.762907       0.587898
0.758179        0.58911
0.758179        0.58911
0.757977       0.584779
0.757977       0.584779
0.786228       0.580818
0.835768       0.634623
0.808335       0.627694
0.808335       0.627694
0.808335       0.627694
0.799603       0.597966
0.832828       0.609977
0.832828       0.609977
0.799107       0.615396
0.799107       0.615396
0.799107       0.615396
0.79921       0.616817
0.79921       0.616817
0.775061       0.622228
0.751086       0.625631
0.751086       0.625631
0.793288       0.604002
0.793288       0.604002
0.813025       0.586113
0.813025       0.586113
0.813025       0.586113
0.824676       0.615225
0.824676       0.615225
0.824676       0.615225
0.824676       0.615225
0.824676       0.615225
0.824676       0.615225
0.828763       0.611744
0.824639       0.599346
0.824639       0.599346
0.81258       0.646144
0.81258       0.646144
0.81258       0.646144
0.81258       0.646144
0.828789       0.646924
0.825792       0.637217
0.828953       0.629764
0.828953       0.629764
0.836463       0.640703
0.836463       0.640703
0.821893       0.639233
0.804043       0.635312
0.804043       0.635312
0.804043       0.635312
0.804043       0.635312
0.804043       0.635312
0.804043       0.635312
0.804043       0.635312
0.79231       0.601645
0.79231       0.601645
0.79231       0.601645
0.810306       0.613624
0.787179        0.61251
0.787179        0.61251
0.787179        0.61251
0.805499       0.601125
0.805499       0.601125
0.805499       0.601125
0.771369        0.60152
0.804658       0.571923
0.804658       0.571923
0.804658       0.571923
0.804658       0.571923
0.804658       0.571923
0.804658       0.571923
0.804658       0.571923
0.804658       0.571923
0.804658       0.571923
0.805199       0.555257
0.819413       0.573696
0.819413       0.573696
0.819413       0.573696
0.800037       0.573117
0.779447       0.582127
0.735565       0.600053
0.735565       0.600053
0.722318       0.591886
0.763151       0.569424
0.776618       0.566122
0.781639        0.57716
0.781639        0.57716
0.781639        0.57716
0.766242       0.580339
0.766242       0.580339
0.783606       0.592812
0.825834       0.623585
0.825834       0.623585
0.822384       0.601986
0.822384       0.601986
0.822384       0.601986
0.822384       0.601986
0.822384       0.601986
0.822384       0.601986
0.822384       0.601986
0.822384       0.601986
0.822384       0.601986
0.822384       0.601986
0.81595       0.606384
0.81595       0.606384
0.797424       0.594811
0.797424       0.594811
0.833689       0.628742
0.85085       0.604077
0.830502       0.601411
0.830292       0.630715
0.79949       0.590921
0.79949       0.590921
0.79949       0.590921
0.793919       0.600788
0.80808       0.578359
0.80808       0.578359
0.80808       0.578359
0.797222       0.584939
0.756308       0.597264
0.761442       0.642738
0.761442       0.642738
0.791316       0.676253
0.799385       0.703255
0.799385       0.703255
0.799385       0.703255
0.799385       0.703255
0.799385       0.703255
0.784304       0.657111
0.784304       0.657111
0.765833       0.621978
0.765833       0.621978
0.765833       0.621978
0.765833       0.621978
0.765833       0.621978
0.758536       0.613883
0.758536       0.613883
0.758536       0.613883
0.749529        0.65611
0.744098       0.627859
0.7526       0.644092
0.78713       0.644996
0.808367       0.612757
0.808367       0.612757
0.783078       0.599833
0.783078       0.599833
0.782306       0.623824
0.782306       0.623824
0.782306       0.623824
0.782306       0.623824
0.803361       0.610874
0.803361       0.610874
0.803361       0.610874
0.803361       0.610874
0.803361       0.610874
0.803361       0.610874
0.803361       0.610874
0.783454       0.597614
0.815329       0.605239
0.815329       0.605239
0.815329       0.605239
0.815329       0.605239
0.80247       0.606115
0.779361       0.578767
0.779361       0.578767
0.779361       0.578767
0.785881       0.605957
0.785881       0.605957
0.785474       0.603392
0.785474       0.603392
0.785474       0.603392
0.81098       0.620246
0.793071       0.602035
0.829193       0.620372
0.829193       0.620372
0.829193       0.620372
0.829193       0.620372
0.829193       0.620372
0.807669       0.634016
0.764955       0.596067
0.75454       0.615919
0.75454       0.615919
0.784733       0.641869
0.775467       0.652729
0.775508       0.639635
0.775508       0.639635
0.77962       0.643134
0.773143       0.622731
0.815017       0.607703
0.815017       0.607703
0.795654        0.59276
0.793488       0.618194
0.793488       0.618194
0.793488       0.618194
0.793488       0.618194
0.805288       0.619933
0.830436       0.632102
0.830436       0.632102
0.830436       0.632102
0.830436       0.632102
0.830436       0.632102
0.830436       0.632102
0.830436       0.632102
0.808378       0.603551
0.808378       0.603551
0.789932       0.637424
0.781737       0.622527
0.780434       0.604774
0.789211        0.64607
0.789211        0.64607
0.772156       0.651285
0.747443        0.64003
0.747443        0.64003
0.777986       0.674291
0.777986       0.674291
0.777986       0.674291
0.777986       0.674291
0.775923       0.639958
0.789801       0.627478
0.781536        0.64364
0.781536        0.64364
0.803735       0.633937
0.803735       0.633937
0.803735       0.633937
0.803735       0.633937
0.790089       0.607893
0.820609       0.585902
0.820609       0.585902
0.820609       0.585902
0.820609       0.585902
0.820609       0.585902
0.835874        0.61283
0.835874        0.61283
0.835874        0.61283
0.835874        0.61283
0.830229       0.618799
0.830229       0.618799
0.830229       0.618799
0.830229       0.618799
0.830229       0.618799
0.834146       0.613381
0.834146       0.613381
0.834146       0.613381
0.834146       0.613381
0.834146       0.613381
0.834146       0.613381
0.808792       0.650605
0.808792       0.650605
0.818933       0.632546
0.818933       0.632546
0.818933       0.632546
0.818933       0.632546
0.818933       0.632546
0.818933       0.632546
0.851424       0.598646
0.851424       0.598646
0.837838       0.598973
0.845551       0.630871
0.830279       0.626597
0.80497       0.611285
0.80497       0.611285
0.80497       0.611285
0.80497       0.611285
0.80497       0.611285
0.80497       0.611285
0.80497       0.611285
0.80497       0.611285
0.80497       0.611285
0.779131        0.60064
0.779131        0.60064
0.799901       0.621608
0.801471       0.585637
0.801471       0.585637
0.801471       0.585637
0.801471       0.585637
0.801471       0.585637
0.801471       0.585637
0.801471       0.585637
0.801471       0.585637
0.801471       0.585637
0.775344       0.584576
0.775344       0.584576
0.775344       0.584576
0.805165        0.61726
0.805165        0.61726
0.805165        0.61726
0.781721        0.58384
0.781721        0.58384
0.771277       0.610196
0.808881       0.627206
0.808881       0.627206
0.808881       0.627206
0.808881       0.627206
0.808881       0.627206
0.808881       0.627206
0.808881       0.627206
0.808881       0.627206
0.808881       0.627206
0.808881       0.627206
0.808881       0.627206
0.808881       0.627206
0.808881       0.627206
0.808881       0.627206
0.776278       0.598643
0.776278       0.598643
0.776278       0.598643
0.815046       0.628928
0.839849       0.617635
0.823393       0.650288
0.823393       0.650288
0.823393       0.650288
0.843499       0.634461
0.843499       0.634461
0.843499       0.634461
0.843499       0.634461
0.843499       0.634461
0.818015       0.631018
0.843842       0.621133
0.843842       0.621133
0.850938       0.607375
0.850938       0.607375
0.875296       0.617626
0.875296       0.617626
0.873102       0.608472
0.873102       0.608472
0.85015       0.593212
0.833265       0.593605
0.824215       0.612562
0.824215       0.612562
0.824215       0.612562
0.824215       0.612562
0.824215       0.612562
0.791934       0.624317
0.791934       0.624317
0.791934       0.624317
0.791934       0.624317
0.791934       0.624317
0.771642       0.651315
0.771642       0.651315
0.771642       0.651315
0.790262       0.643847
0.790262       0.643847
0.790262       0.643847
0.790262       0.643847
0.790262       0.643847
0.791821       0.643073
0.791821       0.643073
0.768599       0.625822
0.801115       0.600306
0.800939        0.62047
0.800939        0.62047
0.800939        0.62047
0.800939        0.62047
0.800939        0.62047
0.800939        0.62047
0.80882       0.598029
0.80882       0.598029
0.80882       0.598029
0.800082        0.59939
0.824776       0.598782
0.814876       0.622659
0.814876       0.622659
0.814876       0.622659
0.777647       0.644144
0.766912       0.616934
0.766912       0.616934
0.804521       0.609867
0.780748       0.609155
0.758312        0.60859
0.781057       0.640859
0.805707       0.609354
0.805707       0.609354
0.805707       0.609354
0.805707       0.609354
0.805707       0.609354
0.791857       0.626644
0.765469       0.643984
0.783234       0.609614
0.783234       0.609614
0.7799       0.603391
0.800568       0.593174
0.800568       0.593174
0.800568       0.593174
0.800568       0.593174
0.800568       0.593174
0.817971       0.626336
0.789882       0.616531
0.789882       0.616531
0.76681        0.61559
0.799917       0.644807
0.799917       0.644807
0.799917       0.644807
0.836393       0.618673
0.836393       0.618673
0.822022       0.594875
0.822022       0.594875
0.803951       0.628093
0.803951       0.628093
0.803951       0.628093
0.789523       0.599265
0.789523       0.599265
0.789184       0.602253
0.794198       0.618054
0.822079       0.633498
0.822079       0.633498
0.830706       0.606557
0.830706       0.606557
0.823367       0.630586
0.823367       0.630586
0.823367       0.630586
0.823367       0.630586
0.823367       0.630586
0.823367       0.630586
0.823367       0.630586
0.790678       0.638238
0.803011       0.635153
0.796824       0.642604
0.786663       0.621318
0.803552       0.635641
0.803552       0.635641
0.803552       0.635641
0.788721       0.616653
0.788721       0.616653
0.788721       0.616653
0.778166       0.604561
0.793723       0.586128
0.815823       0.601493
0.815823       0.601493
0.843222       0.599408
0.843222       0.599408
0.807616       0.635159
0.796975       0.623124
0.796975       0.623124
0.796975       0.623124
0.796975       0.623124
0.796975       0.623124
0.796975       0.623124
0.796975       0.623124
0.796975       0.623124
0.810674       0.610598
0.810674       0.610598
0.810674       0.610598
0.810674       0.610598
0.777252       0.617238
0.777252       0.617238
0.777252       0.617238
0.777252       0.617238
0.777252       0.617238
0.777252       0.617238
0.777252       0.617238
0.777252       0.617238
0.777252       0.617238
0.777252       0.617238
0.777252       0.617238
0.777252       0.617238
0.810642       0.636151
0.803372       0.628891
0.803372       0.628891
0.803372       0.628891
0.803372       0.628891
0.803372       0.628891
0.805431       0.607915
0.804708       0.602479
0.804708       0.602479
0.804708       0.602479
0.804708       0.602479
0.804708       0.602479
0.804708       0.602479
0.804708       0.602479
0.804708       0.602479
0.804708       0.602479
0.804708       0.602479
0.789074       0.625732
0.789074       0.625732
0.789074       0.625732
0.789074       0.625732
0.767579       0.629267
0.766646       0.649886
0.784533       0.677938
0.770331       0.650886
0.770331       0.650886
0.793184       0.665481
0.793184       0.665481
0.793184       0.665481
0.793184       0.665481
0.776649        0.66506
0.776649        0.66506
0.776649        0.66506
0.776649        0.66506
0.776649        0.66506
0.776649        0.66506
0.776649        0.66506
0.776649        0.66506
0.776649        0.66506
0.786473       0.636487
0.76705       0.630554
0.764471       0.642948
0.764471       0.642948
0.764471       0.642948
0.773868       0.630534
0.773868       0.630534
0.768278       0.607359
0.792419       0.607697
0.793832        0.62742
0.793832        0.62742
0.82841       0.648827
0.82841       0.648827
0.836267       0.650503
0.85094       0.619413
0.826297       0.617081
0.831829       0.630402
0.803471       0.633242
0.803471       0.633242
0.803471       0.633242
0.803471       0.633242
0.803471       0.633242
0.803471       0.633242
0.803471       0.633242
0.803471       0.633242
0.803471       0.633242
0.803471       0.633242
0.77645       0.621265
0.77645       0.621265
0.77645       0.621265
0.771521       0.611484
0.771521       0.611484
0.771521       0.611484
0.771521       0.611484
0.771521       0.611484
0.771521       0.611484
0.771521       0.611484
0.771521       0.611484
0.771521       0.611484
0.771521       0.611484
0.771521       0.611484
0.771521       0.611484
0.771521       0.611484
0.771521       0.611484
0.771253       0.639772
0.775124       0.616641
0.786342       0.606493
0.784075       0.616134
0.784075       0.616134
0.791473       0.624381
0.791473       0.624381
0.809654       0.615223
0.809654       0.615223
0.841201       0.610903
0.814877       0.620326
0.814877       0.620326
0.814877       0.620326
0.814877       0.620326
0.814877       0.620326
0.814877       0.620326
0.814877       0.620326
0.814877       0.620326
0.814877       0.620326
0.814877       0.620326
0.814877       0.620326
0.814877       0.620326
0.818387       0.616224
0.818387       0.616224
0.818387       0.616224
0.796632       0.631777
0.796632       0.631777
0.796632       0.631777
0.824281       0.600731
0.824281       0.600731
0.800511       0.611122
0.800511       0.611122
0.820385       0.603293
0.820385       0.603293
0.820385       0.603293
0.820385       0.603293
0.797735       0.604164
0.797735       0.604164
0.797735       0.604164
0.786875       0.627165
0.813508       0.624416
0.813508       0.624416
0.813508       0.624416
0.813508       0.624416
0.813508       0.624416
0.813508       0.624416
0.813508       0.624416
0.813508       0.624416
0.813508       0.624416
0.813508       0.624416
0.816778        0.60308
0.816778        0.60308
0.816778        0.60308
0.816778        0.60308
0.795823       0.623071
0.795823       0.623071
0.795823       0.623071
0.795823       0.623071
0.795823       0.623071
0.795823       0.623071
0.795823       0.623071
0.785389       0.606977
0.765808       0.588049
0.766803       0.605579
0.796071       0.631126
0.796071       0.631126
0.790618       0.635058
0.792969       0.614959
0.790786       0.595269
0.796209       0.611064
0.796209       0.611064
0.796209       0.611064
0.78069       0.606808
0.808445       0.615717
0.808445       0.615717
0.782518       0.630122
0.782518       0.630122
0.791104       0.621224
0.791104       0.621224
0.791104       0.621224
0.791104       0.621224
0.791104       0.621224
0.791104       0.621224
0.791104       0.621224
0.791104       0.621224
0.791104       0.621224
0.791104       0.621224
0.791104       0.621224
0.791104       0.621224
0.782103       0.619169
0.782103       0.619169
0.812176        0.59817
0.812176        0.59817
0.812176        0.59817
0.812176        0.59817
0.812176        0.59817
0.828042       0.627999
0.828042       0.627999
0.800003       0.636929
0.800003       0.636929
0.800003       0.636929
0.797724       0.615132
0.767946       0.634095
0.762811       0.630882
0.759711       0.614197
0.773897       0.609744
0.794389       0.626157
0.794389       0.626157
0.782453       0.610712
0.782453       0.610712
0.805127       0.615426
0.805127       0.615426
0.805127       0.615426
0.805127       0.615426
0.805127       0.615426
0.816761        0.64394
0.816761        0.64394
0.816761        0.64394
0.816761        0.64394
0.816761        0.64394
0.816761        0.64394
0.816761        0.64394
0.816761        0.64394
0.801189       0.612995
0.801189       0.612995
0.801189       0.612995
0.801189       0.612995
0.799708       0.636445
0.799708       0.636445
0.799708       0.636445
0.774611        0.64405
0.768446       0.623619
0.781638       0.628132
0.781638       0.628132
0.781638       0.628132
0.793892       0.631141
0.793672       0.619312
0.798755       0.615166
0.798755       0.615166
0.798755       0.615166
0.798755       0.615166
0.798755       0.615166
0.798755       0.615166
0.798755       0.615166
0.798755       0.615166
0.798755       0.615166
0.809504       0.600894
0.809504       0.600894
0.809504       0.600894
0.809504       0.600894
0.809504       0.600894
0.809504       0.600894
0.809504       0.600894
0.809504       0.600894
0.809504       0.600894
0.79815       0.603794
0.776293       0.609866
0.776293       0.609866
0.776293       0.609866
0.776293       0.609866
0.776293       0.609866
0.776293       0.609866
0.792099       0.597792
0.792099       0.597792
0.792099       0.597792
0.792099       0.597792
0.792099       0.597792
0.792099       0.597792
0.81879       0.617256
0.81879       0.617256
0.806651       0.609361
0.78595       0.604418
0.804906       0.610719
0.804906       0.610719
0.792737       0.605628
0.792737       0.605628
0.791494       0.608005
0.791494       0.608005
0.791494       0.608005
0.812672       0.596056
0.839454       0.616007
0.839454       0.616007
0.839454       0.616007
0.839454       0.616007
0.839454       0.616007
0.839454       0.616007
0.839454       0.616007
0.839454       0.616007
0.813057       0.610477
0.813057       0.610477
0.813057       0.610477
0.826603       0.604621
0.826603       0.604621
0.819484       0.618179
0.792063       0.620726
0.78548       0.609882
0.78548       0.609882
0.78548       0.609882
0.784768       0.599352
0.784768       0.599352
0.784768       0.599352
0.784768       0.599352
0.784768       0.599352
0.784768       0.599352
0.77453       0.615659
0.786486       0.600105
0.776305       0.603709
0.776305       0.603709
0.804037       0.628993
0.804037       0.628993
0.776857       0.649287
0.776857       0.649287
0.753019       0.630242
0.77458       0.658611
0.77458       0.658611
0.769315       0.640839
0.769315       0.640839
0.779838       0.633048
0.790119       0.618891
0.799207       0.633512
0.828856       0.650977
0.828856       0.650977
0.844117       0.630235
0.824647       0.643382
0.824647       0.643382
0.824647       0.643382
0.811208       0.640591
0.811208       0.640591
0.803868       0.621763
0.779598       0.603715
0.779598       0.603715
0.794868       0.613008
0.792548       0.610915
0.792548       0.610915
0.775122       0.635259
0.775122       0.635259
0.775122       0.635259
0.775122       0.635259
0.775122       0.635259
0.777293       0.610332
0.777293       0.610332
0.798539       0.605244
0.778313       0.613916
0.778313       0.613916
0.778313       0.613916
0.778313       0.613916
0.778313       0.613916
0.807611       0.612946
0.807611       0.612946
0.822021        0.60808
0.835302       0.611475
0.835302       0.611475
0.835302       0.611475
0.835302       0.611475
0.835302       0.611475
0.835302       0.611475
0.811826       0.610569
0.795242       0.615243
0.795242       0.615243
0.812599       0.616576
0.812599       0.616576
0.812599       0.616576
0.812599       0.616576
0.809078       0.608195
0.809078       0.608195
0.798263       0.610279
0.803977       0.636545
0.801133       0.640206
0.801133       0.640206
0.783774       0.612289
0.783774       0.612289
0.783774       0.612289
0.783774       0.612289
0.783774       0.612289
0.783774       0.612289
0.771083       0.636858
0.771083       0.636858
0.771083       0.636858
0.771083       0.636858
0.783666       0.625043
0.81264       0.639784
0.81264       0.639784
0.81264       0.639784
0.81264       0.639784
0.81264       0.639784
0.81264       0.639784
0.81264       0.639784
0.81264       0.639784
0.79802       0.631148
0.814856       0.633415
0.82695       0.631667
0.828929       0.621169
0.828929       0.621169
0.828929       0.621169
0.823796       0.640183
0.800783       0.622318
0.799437       0.619564
0.798812       0.633667
0.798812       0.633667
0.805833       0.606121
0.805833       0.606121
0.805833       0.606121
0.805833       0.606121
0.804756       0.622307
0.810112       0.635736
0.810112       0.635736
0.810112       0.635736
0.788814       0.642867
0.789727       0.621913
0.801511       0.618368
0.811567       0.642545
0.811567       0.642545
0.811567       0.642545
0.811567       0.642545
0.811567       0.642545
0.811567       0.642545
0.811567       0.642545
0.799535       0.631218
0.799535       0.631218
0.799535       0.631218
0.799535       0.631218
0.825711        0.61495
0.816663       0.640466
0.827234       0.640169
0.827234       0.640169
0.802785       0.637373
0.802785       0.637373
0.802785       0.637373
0.802785       0.637373
0.78963       0.630122
0.770743       0.647705
0.770743       0.647705
0.770743       0.647705
0.760741       0.649151
0.760741       0.649151
0.77643       0.655319
0.77643       0.655319
0.791421       0.651062
0.804049       0.626956
0.804049       0.626956
0.798777       0.620385
0.798777       0.620385
0.782852       0.602973
0.782852       0.602973
0.789815       0.608383
0.789815       0.608383
0.782058       0.624559
0.782058       0.624559
0.782058       0.624559
0.8005       0.603717
0.8005       0.603717
0.8005       0.603717
0.827235       0.619307
0.827235       0.619307
0.827235       0.619307
0.827235       0.619307
0.827235       0.619307
0.827235       0.619307
0.827235       0.619307
0.827235       0.619307
0.827235       0.619307
0.827235       0.619307
0.803743       0.611659
0.804203       0.614034
0.804203       0.614034
0.804203       0.614034
0.804203       0.614034
0.804203       0.614034
0.804203       0.614034
0.804203       0.614034
0.804203       0.614034
0.804203       0.614034
0.790131       0.609677
0.790131       0.609677
0.790131       0.609677
0.790131       0.609677
0.790131       0.609677
0.790131       0.609677
0.790131       0.609677
0.790131       0.609677
0.790131       0.609677
0.790131       0.609677
0.790131       0.609677
0.790131       0.609677
0.790131       0.609677
0.790131       0.609677
0.78182       0.618446
0.78182       0.618446
0.78182       0.618446
0.78182       0.618446
0.78182       0.618446
0.78182       0.618446
0.78182       0.618446
0.78182       0.618446
0.78182       0.618446
0.78182       0.618446
0.78182       0.618446
0.78182       0.618446
0.78182       0.618446
0.78182       0.618446
0.808231       0.609546
0.808231       0.609546
0.808231       0.609546
0.808231       0.609546
0.808231       0.609546
0.808231       0.609546
0.808231       0.609546
0.808231       0.609546
0.808231       0.609546
0.832231       0.619582
0.832231       0.619582
0.832231       0.619582
0.832231       0.619582
0.832231       0.619582
0.832231       0.619582
0.832231       0.619582
0.832231       0.619582
0.832231       0.619582
0.832231       0.619582
0.832231       0.619582
0.832231       0.619582
0.816826       0.608745
0.816826       0.608745
0.816826       0.608745
0.816826       0.608745
0.816826       0.608745
0.816826       0.608745
0.79032       0.627866
0.79032       0.627866
0.793544       0.617168
0.793544       0.617168
0.793544       0.617168
0.793544       0.617168
0.793544       0.617168
0.793544       0.617168
0.801741       0.624234
0.801741       0.624234
0.801741       0.624234
0.801741       0.624234
0.801741       0.624234
0.801741       0.624234
0.801741       0.624234
0.801741       0.624234
0.801741       0.624234
0.801741       0.624234
0.82183       0.636708
0.82183       0.636708
0.82183       0.636708
0.810029       0.632452
0.810029       0.632452
0.815847       0.645587
0.834688       0.633797
0.817376       0.631005
0.817376       0.631005
0.817376       0.631005
0.842431        0.61415
0.842431        0.61415
0.842431        0.61415
0.819435       0.597867
0.819435       0.597867
0.796565       0.604804
0.796565       0.604804
0.769931       0.607304
0.769931       0.607304
0.766738       0.618583
0.775888       0.612257
0.80129       0.634227
0.80129       0.634227
0.812326       0.628516
0.82675       0.616772
0.82675       0.616772
0.82675       0.616772
0.803632       0.601167
0.79182       0.606669
0.79182       0.606669
0.764503       0.621592
0.764503       0.621592
0.764503       0.621592
0.78137       0.613737
0.78137       0.613737
0.78137       0.613737
0.78137       0.613737
0.78137       0.613737
0.78137       0.613737
0.78137       0.613737
0.78137       0.613737
0.78137       0.613737
0.771401       0.619388
0.771401       0.619388
0.771401       0.619388
0.771401       0.619388
0.771401       0.619388
0.771401       0.619388
0.771401       0.619388
0.771401       0.619388
0.771401       0.619388
0.771401       0.619388
0.771401       0.619388
0.771401       0.619388
0.771401       0.619388
0.771401       0.619388
0.771401       0.619388
0.771401       0.619388
0.771401       0.619388
0.771401       0.619388
0.771401       0.619388
0.771401       0.619388
0.771401       0.619388
0.771401       0.619388
0.771401       0.619388
0.793494       0.615818
0.81168       0.630332
0.81168       0.630332
0.81168       0.630332
0.805049       0.630274
0.805049       0.630274
0.805049       0.630274
0.803502       0.627772
0.780856       0.614277
0.76582       0.603446
0.76582       0.603446
0.767786       0.601042
0.787125       0.616312
0.787125       0.616312
0.777971       0.631519
0.777971       0.631519
0.777971       0.631519
0.785865       0.607544
0.802434       0.621797
0.795564       0.615551
0.795564       0.615551
0.795564       0.615551
0.795564       0.615551
0.795564       0.615551
0.795564       0.615551
0.795564       0.615551
0.795564       0.615551
0.795564       0.615551
0.795564       0.615551
0.795564       0.615551
0.815437       0.616351
0.815437       0.616351
0.789692       0.623904
0.812034       0.647242
0.812034       0.647242
0.812034       0.647242
0.812034       0.647242
0.800496        0.63298
0.800496        0.63298
0.800496        0.63298
0.800496        0.63298
0.800496        0.63298
0.800496        0.63298
0.781336       0.640105
0.781336       0.640105
0.781336       0.640105
0.763941       0.651107
0.763941       0.651107
0.763941       0.651107
0.763941       0.651107
0.763941       0.651107
0.788995       0.650798
0.788995       0.650798
0.770831        0.62893
0.778657       0.623824
0.794767       0.630464
0.78854       0.608927
0.78854       0.608927
0.78854       0.608927
0.805604       0.617348
0.805604       0.617348
0.805604       0.617348
0.805604       0.617348
0.805604       0.617348
0.805604       0.617348
0.805604       0.617348
0.805604       0.617348
0.785252       0.612074
0.785252       0.612074
0.785252       0.612074
0.785252       0.612074
0.806611       0.626769
0.802137       0.642011
0.802137       0.642011
0.802137       0.642011
0.802137       0.642011
0.827374       0.638979
0.827374       0.638979
0.81032       0.614637
0.797614       0.604787
0.799717       0.621698
0.799717       0.621698
0.799717       0.621698
0.824847       0.595708
0.804808       0.592215
0.804808       0.592215
0.804808       0.592215
0.804808       0.592215
0.804808       0.592215
0.804808       0.592215
0.804808       0.592215
0.781576       0.603186
0.798024       0.625493
0.798024       0.625493
0.793469       0.606209
0.793469       0.606209
0.786866       0.613267
0.786866       0.613267
0.786866       0.613267
0.786705       0.607248
0.791352       0.598766
0.791352       0.598766
0.791352       0.598766
0.791352       0.598766
0.771225       0.598874
0.778536       0.615751
0.778536       0.615751
0.779417       0.616633
0.794806        0.60814
0.794806        0.60814
0.794806        0.60814
0.794806        0.60814
0.790078       0.606135
0.790078       0.606135
0.790078       0.606135
0.790078       0.606135
0.790078       0.606135
0.790078       0.606135
0.794846        0.62729
0.808423       0.614176
0.808423       0.614176
0.808423       0.614176
0.808423       0.614176
0.793798       0.604768
0.793798       0.604768
0.793798       0.604768
