       -0.580012         1.90309         -2.0956
        0.363994        0.469018       -0.558986
        0.488529        -0.52377         1.46408
       -0.179965       -0.723083        0.687027
         0.33577        -0.60944       -0.351587
        -1.45204        0.610169        0.677554
        0.646161        0.322348       -0.359673
       -0.659839       -0.402937        -2.15912
       -0.820941        -1.18111        -1.90101
         0.86209        0.669804          2.0605
         0.43993         1.19844         0.19558
        -1.05915       -0.143809        0.437855
       -0.568848        0.405827       -0.551842
        0.189094        0.293476         1.35479
        -1.54777        -1.55507        0.209789
        -1.05072          1.3531        0.782819
       -0.564531        0.695848        0.791995
        -0.53476        0.684287        -1.45389
       -0.807389       -0.521014        0.350983
         0.40204        0.477198        0.183676
      -0.0224865       -0.569086        0.771363
       0.0241977       -0.906725      -0.0421411
       -0.288998         1.27487       -0.829261
         1.88414        0.461941        0.714832
        0.104324       -0.860769       -0.623481
       -0.158799        0.468909       -0.383383
         1.71663       -0.770428        -1.89243
        -2.75997       -0.150844        0.237812
       -0.587339       -0.261222         2.35175
       -0.497471         -2.0838        0.788648
          2.1435          1.8046       -0.503447
        -1.90319       -0.843023       -0.261091
        -0.31541       -0.692069       -0.560799
         1.22572        0.456756      -0.0556061
         1.77632        -1.89853         2.04918
       -0.307318        0.901137       -0.985052
        0.029622        -1.69749        0.703418
        0.259098        0.112985         1.62925
        -1.49215       -0.289813        0.126536
        0.839433        -1.02757       -0.223207
        -1.31805       -0.387458         1.14894
        0.988433         0.41865        -1.07408
        0.640328       -0.491704       -0.664647
        -1.69299       -0.430305        0.800237
         1.09698       -0.814713        0.194973
        -1.15851        -0.33905       -0.143543
        0.875221       -0.285197        -1.14228
       -0.140889       -0.635392        0.495402
        0.443019       -0.020478       -0.147109
       -0.824397       -0.623973        0.117001
       -0.700664        -1.15423       -0.135388
         0.38575        0.208513        -1.29039
        0.305923       -0.481515        -0.66584
        0.198634       0.0489314        0.781239
       -0.287052           1.284       0.0840861
       0.0933966        0.139061       -0.323872
        0.676282        -0.54601       -0.768916
        0.754314        0.427329        -1.55149
       -0.656921         2.04721        -1.76796
        -2.37588        0.982489        0.208328
         0.29045       -0.321562        0.261258
         1.92815        0.922611         0.62176
        -1.54611        0.102742        0.308015
         -2.2664         1.32685       -0.903508
      -0.0851528        -0.51099        0.385718
         1.20538        0.662821        0.670016
       -0.874588        0.892139         1.12649
      -0.0196211        0.768465       -0.385438
        0.364131       0.0922311       -0.690496
         -1.7426       -0.633311        -1.70134
        0.439062         1.29676       -0.464171
       -0.151578        0.525717      -0.0375626
        0.917412        -1.32929         1.36835
         1.70561         1.24123         1.83368
        -0.15546        0.682274       -0.178666
         1.29116       -0.238489         1.23125
         1.17108        -0.17066       -0.986194
       -0.472612       -0.951088        -2.00521
        0.301833         0.44708      -0.0784477
      -0.0436374         1.05155        -0.95555
        0.446644        -1.20596        -1.94827
       -0.721654        -1.13698         1.36919
       -0.330434         1.18284         1.16796
        0.520026       -0.730353        -1.16714
       -0.959718        -1.27367        -0.44307
       -0.706435        -1.22662       -0.835149
        0.939767        0.537327       -0.812011
        -1.79212       -0.405261      -0.0158132
       -0.945798       -0.569111        0.808379
          1.0922         0.36805        0.784488
        0.360375       -0.657223      -0.0836611
       -0.604754        -1.55156       -0.371187
        0.707591       -0.312487        -1.02176
         0.24111       -0.937331         1.02423
      -0.0406603       -0.307448         1.49364
        0.539077       -0.786427        0.100585
        0.646395         1.56209        0.726432
        0.826692        0.693543          1.8712
         1.62557        0.909451         -1.0649
        0.130057        0.519387        -0.87945
         1.20807        0.339319        0.690338
        0.041224         1.19808         1.28304
        0.651596         1.55247       -0.494432
       -0.694863       -0.382342         1.26415
       -0.788219       -0.606172         2.22968
       -0.305271         2.08284       -0.157991
        0.639784         1.91885       -0.702284
         2.14281        -2.83076        -1.16866
