       -0.510681       -0.584569       -0.909578
         0.60919        0.427185         1.08741
         1.02605        -1.75057      -0.0752575
        -0.61337       -0.140632         -1.0695
        0.261306       -0.712255        -1.39477
         2.06693       -0.608886       0.0339786
        -1.76652        -1.37801        -1.55163
        -1.14707        -1.63705        0.293516
        0.706254        0.618842        0.786254
       -0.217206         1.57583        0.822011
       -0.534785        0.942426        0.913268
       0.0256101       -0.617809       -0.262769
       -0.369838       -0.606555          1.0828
        0.882977        0.696069        0.876047
       -0.448203        0.760806         0.24786
        0.924572         1.12612         1.24117
       -0.965209        -1.12842         1.32244
          0.4626        0.324554         1.08903
         1.32133       -0.323407       -0.860384
       -0.926811        0.743167         1.24565
         1.05175       -0.734466        -1.22723
         0.54973        -2.36661        0.136818
        -1.89539       -0.951406       -0.704466
         1.52573        0.844801     -0.00983001
       -0.186277         1.69815        0.234024
        0.604589        0.765249        -0.92224
     -0.00520911         1.15876      -0.0240742
       -0.423677       -0.307628       -0.321663
       -0.840938       -0.174372         1.48776
         1.16974         1.35941        0.206174
         1.21073         2.06381      -0.0463917
       -0.166312        0.369188       -0.682877
        0.717439         1.79473        0.128273
       -0.230859         1.58999        0.233775
        -1.66299       -0.841212        0.314722
      -0.0550655       0.0230569       -0.150103
        0.926364       -0.499412         2.44907
        -1.89309       -0.498503        -1.72316
       -0.349573       -0.052221       -0.857821
        -2.16794        0.226399         1.07827
       -0.480739       -0.657361         0.21323
       0.0404695        -1.01172        -0.39487
         1.56385        -0.31789        -1.20242
       -0.728335        -1.26478      -0.0293821
        -1.22026       -0.700581       -0.473624
       -0.653525        0.739756        0.147923
        0.321575       -0.236657        0.462858
       -0.174596       -0.241723        -0.77652
       -0.277278        0.409047       -0.582835
         1.07198       -0.514616        -1.21102
      -0.0217058       -0.299831        0.193108
         1.40616       -0.178956        -1.92959
      -0.0205599        0.544451      -0.0466766
       -0.496771        0.867173         1.58313
       -0.605996       -0.633921        -1.95918
        0.536307       -0.501441       -0.529034
       -0.354079         1.88173         1.04997
         1.18994       -0.237785        0.383702
       -0.455137       -0.350654       -0.724839
       -0.876583        0.199756        0.691417
        0.578087       -0.760183         1.31007
        0.989753        0.656654         1.25962
       -0.293987      -0.0386072       0.0652997
       -0.368769         1.34958         1.03081
       -0.278213         1.39946        0.786287
       -0.705599        -1.03926      0.00164973
        0.459847       -0.851659       -0.263979
       -0.499356       -0.146602         1.58154
       -0.184885        -1.02031      -0.0355925
        -0.84351        0.535667       -0.665267
       -0.370147        0.571801       -0.138957
      -0.0652004       -0.717913       -0.215165
         1.16152         1.65889       -0.992587
        0.993346       0.0562602       -0.674471
      -0.0405406       -0.882679        0.247687
        -2.15787        0.936755       -0.889107
        0.535158       -0.735982       -0.733293
         0.95475          1.5651        -1.30476
        0.255378       -0.415111       -0.808119
       -0.507867        0.103632        0.378387
       -0.491674       -0.377461        -1.27716
       0.0410662         0.13567       -0.131129
          1.5629        -1.31255        0.232534
       -0.733573       -0.713189        0.790024
        0.624083        -2.17605         1.00333
        0.976051        0.663644       -0.435205
        0.656671        0.272996        0.731988
        0.624319       -0.915797       -0.346098
        0.114607       -0.462848        0.873402
       -0.261507        0.494102        0.579052
        0.220523       -0.867442        0.802627
         1.18392        0.562485         1.61578
         2.08899       -0.347028       -0.227435
        0.662666         1.96982        0.638286
       -0.172312        0.557898       -0.911694
         0.80871       -0.236855       -0.837888
       -0.269487        0.320972        0.664266
       -0.377771       -0.561851        -1.35679
         1.75562        -1.10112        -1.03285
        -1.52063        -0.37718        0.432192
       -0.648339        0.987838        -1.34271
        0.321028       -0.301211       -0.782776
        -2.46398        0.240167       -0.384479
      -0.0386672        0.372725       -0.755117
       -0.836559        0.554796         1.14533
       -0.314463        0.506863       -0.193749
       -0.871755         0.75872        0.712127
       -0.682931        -1.56215        0.472204
