       -0.941057         -0.7023         1.05553
       -0.723242       -0.254647       0.0751155
       -0.905172        0.894693       -0.767782
        -1.35592       -0.119026       0.0593647
         0.45247        -2.53107        0.492307
        0.989356       -0.763724       -0.974906
        0.283366       0.0975472       -0.493199
        0.626508         1.39006        -2.96143
        -1.86606        -1.79088       -0.229291
         1.17791       -0.852831        0.803877
       -0.156133        0.166761      -0.0694522
         2.36284      -0.0794906       -0.441333
         1.01676        -1.60942       -0.190083
       0.0284562         1.28591       -0.184089
       -0.257625         1.08775        -1.16163
        0.372445        -1.08518       -0.287959
         2.56318          1.1811         1.26332
       -0.275386       -0.248711        0.935785
        0.502823        0.470927        0.545757
       -0.430558         1.52167         1.05064
         1.18991         1.19218         1.21984
        0.768919        -0.46206        -2.43455
         1.55923       -0.147061       -0.427755
       -0.834006        0.955755         0.28146
        0.500415        -0.13089        -1.08237
         -1.4057        -1.45291      -0.0664813
        0.486472       -0.783907         -1.1616
       -0.286045         1.02287        0.565834
       -0.359264        -1.94563        -2.34101
        -1.43314         0.39689       -0.269071
        -1.09891       -0.725369       -0.195006
       -0.668855        0.552598          1.3654
        0.921395       -0.547843        0.697163
      -0.0235292         1.57858        0.500036
        0.322066        -1.45309        -1.03481
       -0.410631        -1.08831         1.80483
      0.00931121        -1.30061       -0.393109
         1.12126         1.39123       -0.599578
        0.972121         2.40106       -0.628143
       -0.570695       0.0942724        0.127067
        -1.42293        -1.50978         0.67426
       0.0236753       -0.652616        -0.28044
        0.637113         1.91066       -0.528708
         1.64052          0.8204         0.88665
         1.03992       0.0368152        -0.16215
       -0.972375       -0.187122        0.791532
       -0.575404       -0.143092         1.76555
      -0.0610405        -2.17829      -0.0228855
        -1.45723        0.260815         2.96763
         2.05566      -0.0167303        0.428595
       -0.974762       -0.611886      -0.0305379
      -0.0280726        0.752324        0.820701
        -1.56283        0.283168         2.18714
        0.653216        0.659126        0.621697
        0.394616       -0.148435         2.05465
        -1.39955        0.270666        0.555816
        -1.09982       -0.319201         1.53192
        0.141247        -1.59064         1.01359
        0.568247         1.77461        0.638769
       -0.995736       -0.146593         1.57578
        0.861407        -1.07038         1.29507
       -0.114575       -0.338657        -2.07191
      -0.0694375        0.615631       -0.214853
         1.00658        0.624945         -1.2053
       -0.313796        0.198565      0.00149944
        -1.83305        0.723799        -1.58996
        0.639748        0.956363        -1.03344
       -0.105002         2.11007        0.278773
        -0.35062        -1.72848        -1.78584
         1.23376        0.763042        -1.32759
        -1.61484        -0.21155       0.0226864
        0.307053       -0.700635         1.21321
       -0.513985        -1.08541         1.98592
       -0.296887        -1.01076         1.36607
       -0.802979         1.48619        -0.93515
        -0.45032       -0.519089         1.00309
       -0.896027        0.421298       -0.380316
         1.90192       -0.880042          -1.025
         1.19509       -0.543757       -0.249568
        0.256492        -1.12846        0.913194
        0.485475        0.178897       -0.646849
        0.191282        0.905212       -0.142963
       -0.909826        0.293377        -1.61804
        0.434534        0.306401        -1.49923
         2.01501        0.621158       -0.770324
        -0.59397       -0.207088        0.100746
         1.37198         0.63194        -1.15239
         0.61106         0.13854         1.19142
        0.241944       -0.273729        0.346716
        -0.65506        0.193769         2.21714
        0.205568        0.879551         -1.2832
       -0.459355        -0.65033         1.10566
         0.50774       -0.907575      -0.0206269
      -0.0396695         2.04462        -1.21041
       -0.612712         2.05398        0.328664
       -0.915706         2.38234         1.03956
         -1.2112         1.00743        -2.87074
           1.272       -0.563336        0.276706
       -0.798605        0.262669        0.242908
        -1.74698        -1.24013        -1.60115
      0.00219996        -3.36291       -0.600223
        0.823286        -1.07167        0.555207
       -0.084803        0.424753      -0.0978091
       -0.234684         1.51376       -0.131262
       -0.558804        -1.16433        -1.09077
        0.239351       0.0956992       -0.701868
      -0.0379054        0.257889        0.747765
       -0.412439       -0.304677       -0.913479
