# BLOCK   OBS_AVE          ERROR     ACCEPTANCE
      0   1.74118              0         0.5112
      1   1.60412       0.137061         0.4772
      2    1.5171       0.117618         0.4656
      3   1.52385      0.0834417         0.4704
      4    1.5106      0.0659775         0.4804
      5   1.50981      0.0538763          0.478
      6     1.502      0.0461979         0.4708
      7   1.50277       0.040016         0.4892
      8   1.50874      0.0357914         0.4848
      9   1.50305      0.0325148         0.4888
     10   1.51128      0.0305411         0.5004
     11   1.51571      0.0282296         0.4748
     12   1.51638      0.0259761         0.4792
     13   1.50981      0.0249303         0.4592
     14   1.50573      0.0235635         0.4956
     15   1.50202      0.0223525         0.4656
     16   1.50777      0.0217692          0.492
     17   1.50578      0.0206201         0.4952
     18   1.50739      0.0195708         0.4844
     19   1.51004      0.0187554         0.4992
     20   1.51113      0.0178733         0.4656
     21   1.51083      0.0170442         0.4664
     22     1.506      0.0169881         0.4696
     23   1.50097      0.0170232         0.4812
     24   1.49844      0.0165232         0.5056
     25   1.49513      0.0162175          0.462
     26   1.49232       0.015855         0.4768
     27   1.49394      0.0153639         0.4864
     28   1.49649      0.0150421         0.4856
     29    1.4936       0.014818         0.4644
     30   1.49214      0.0144062         0.4924
     31   1.48975      0.0141511         0.4816
     32   1.49066      0.0137455         0.4892
     33   1.49424      0.0138081          0.486
     34   1.49403      0.0134093          0.492
     35   1.49437      0.0130357         0.4892
     36   1.49944      0.0136572         0.5136
     37   1.50144      0.0134426         0.5004
     38   1.50232      0.0131228         0.4968
     39   1.49897      0.0132233         0.4764
     40   1.49766      0.0129631         0.4616
     41   1.49752      0.0126514           0.49
     42   1.50058      0.0127266         0.4692
     43   1.49862      0.0125876         0.4636
     44   1.49889      0.0123077         0.4672
     45   1.50165      0.0123489         0.4892
     46   1.50005      0.0121883          0.464
     47   1.49965      0.0119386         0.4936
     48    1.5002      0.0117055         0.4996
     49    1.5034      0.0119077         0.4992
     50   1.50004      0.0121475         0.4768
     51   1.49949       0.011924         0.4712
     52   1.49938      0.0116973         0.4792
     53   1.49779      0.0115887         0.4696
     54   1.49754      0.0113787         0.4856
     55   1.49813      0.0111888          0.502
     56   1.49982      0.0111204         0.5124
     57    1.4998       0.010927         0.4848
     58   1.50082      0.0107887         0.4752
     59   1.50081      0.0106074           0.48
     60   1.50102      0.0104342         0.4884
     61   1.50098      0.0102646         0.4912
     62   1.50069      0.0101045         0.4876
     63   1.50156     0.00998345         0.4944
     64   1.50035     0.00990248          0.468
     65   1.50051     0.00975254         0.4992
     66   1.50192     0.00970939         0.4988
     67   1.50064     0.00965073         0.4692
     68   1.50018     0.00952121         0.4832
     69    1.4993     0.00942491         0.4732
     70   1.49832     0.00934267         0.4976
     71   1.49877     0.00922279         0.4768
     72   1.49829     0.00910808           0.47
     73   1.49803     0.00898801         0.4972
     74   1.49982     0.00904579         0.4888
     75    1.4992     0.00894761         0.4788
     76    1.5015     0.00912683         0.5008
     77   1.50251     0.00906546         0.4988
     78   1.50106     0.00906624         0.4672
     79   1.50035      0.0089805         0.4928
     80   1.49947     0.00891228         0.4972
     81   1.49797     0.00892989         0.4692
     82   1.49901     0.00888254          0.494
     83   1.49988     0.00881927         0.4824
     84   1.49989      0.0087149         0.4888
     85   1.49993     0.00861308         0.4844
     86   1.49878     0.00859047         0.4828
     87   1.49796     0.00853206         0.4796
     88   1.49756     0.00844535         0.4788
     89   1.49593     0.00850823         0.4648
     90    1.4952     0.00844596         0.4808
     91   1.49579     0.00837458         0.4868
     92   1.49682     0.00834851          0.488
     93   1.49612     0.00828937           0.47
     94   1.49723     0.00827709         0.4852
     95   1.49718      0.0081906         0.4872
     96   1.49743     0.00810966         0.4764
     97   1.49781     0.00803542         0.4824
     98   1.49678     0.00802023         0.4712
     99   1.49701     0.00794299         0.4688
    100   1.49617     0.00790833          0.458
    101   1.49673     0.00784986         0.4832
    102   1.49599     0.00780789         0.4644
    103   1.49779     0.00793923          0.506
    104   1.49832     0.00788128          0.476
    105   1.49895      0.0078316         0.4924
    106   1.49983      0.0078073         0.4872
    107   1.49879     0.00780342         0.4632
    108   1.49887     0.00773186         0.4592
    109   1.49923     0.00766997          0.484
    110   1.49872     0.00761806         0.4896
    111   1.49929     0.00757147          0.496
    112   1.49855      0.0075409         0.4764
    113   1.49948     0.00753283         0.4824
    114   1.49903     0.00748057         0.4676
    115   1.49943     0.00742644         0.4928
    116   1.50063     0.00746047         0.4976
    117   1.50049      0.0073983          0.484
    118    1.5003     0.00733831         0.4736
    119   1.49978     0.00729571         0.4796
    120   1.49992      0.0072365         0.4916
    121   1.50043      0.0071948         0.4968
    122   1.49957     0.00718728         0.4744
    123   1.49992     0.00713772           0.49
    124   1.49919     0.00711748         0.4616
    125   1.50021     0.00713393          0.504
    126   1.50001      0.0070804         0.4876
    127   1.49985     0.00702675         0.4864
    128   1.49963     0.00697547         0.4904
    129   1.50046     0.00697048         0.4832
    130   1.50029     0.00691906         0.4708
    131   1.50061     0.00687403          0.494
    132   1.50119     0.00684666         0.4944
    133   1.50024     0.00686156         0.4712
    134   1.50054     0.00681693         0.4664
    135   1.49925      0.0068874           0.47
    136   1.49819     0.00691879         0.4776
    137   1.49781     0.00687881         0.4884
    138   1.49822     0.00684099         0.4872
    139   1.49915      0.0068561          0.494
    140   1.49952     0.00681733         0.4748
    141   1.49958      0.0067694          0.484
    142   1.49926     0.00672945          0.474
    143   1.50017     0.00674421         0.5008
    144   1.50074     0.00672168         0.5004
    145    1.5011     0.00668524         0.4772
    146   1.50089     0.00664305         0.4824
    147   1.50056     0.00660597         0.4876
    148   1.50154     0.00663394         0.4892
    149   1.50088     0.00662249         0.4888
    150   1.50036     0.00659884          0.466
    151   1.50005     0.00656259         0.4824
    152   1.50055     0.00653873         0.4804
    153   1.50061     0.00649642         0.4828
    154   1.50038     0.00645845         0.4888
    155   1.50066     0.00642301         0.4928
    156   1.50114     0.00639959         0.4896
    157   1.50112     0.00635898          0.498
    158   1.50079     0.00632737         0.4772
    159   1.50024     0.00631177         0.4816
    160   1.50022     0.00627251         0.4836
    161   1.50052     0.00624133         0.4772
    162   1.50064     0.00620393         0.4832
    163   1.50072     0.00616649          0.468
    164   1.50059     0.00613038         0.4672
    165   1.50044      0.0060951          0.484
    166   1.50032     0.00605957         0.4776
    167    1.5007     0.00603512         0.4936
    168   1.50122     0.00602191          0.504
    169   1.50094     0.00599291         0.4652
    170   1.50075     0.00596078          0.476
    171    1.5004     0.00593624         0.4632
    172   1.50162     0.00602592          0.514
    173   1.50128     0.00600104         0.4912
    174   1.50091     0.00597821         0.4804
    175   1.50045     0.00596195         0.4852
    176   1.50086     0.00594238         0.5068
    177   1.50016     0.00594926         0.4668
    178   1.50024     0.00591638         0.4816
    179   1.50152      0.0060206         0.5096
    180   1.50183     0.00599572         0.4828
    181   1.50146     0.00597445         0.4736
    182   1.50242     0.00601885         0.5036
    183   1.50261     0.00598914         0.4772
    184   1.50273     0.00595787           0.47
    185   1.50293     0.00592901           0.49
    186   1.50312     0.00590035         0.4844
    187   1.50248     0.00590328         0.4592
    188   1.50189      0.0059022         0.4536
    189   1.50175      0.0058727         0.4836
    190   1.50109     0.00587902         0.4708
    191   1.50128     0.00585157         0.4848
    192   1.50116     0.00582245         0.4776
    193   1.50126     0.00579314         0.4908
    194   1.50139     0.00576487         0.4908
    195   1.50209      0.0057786          0.486
    196   1.50204     0.00574949          0.476
    197   1.50186     0.00572323         0.4776
    198   1.50196     0.00569539           0.51
    199   1.50171     0.00567265          0.484
    200   1.50177     0.00564471         0.4788
    201   1.50152     0.00562203         0.4708
    202    1.5015      0.0055943         0.4796
    203   1.50132     0.00556974         0.4728
    204   1.50076       0.005571         0.4668
    205   1.50024     0.00556847          0.462
    206   1.50098     0.00559108         0.4936
    207   1.50052     0.00558277         0.4824
    208   1.50029     0.00556111         0.4892
    209   1.49958     0.00557881         0.4556
    210   1.49974     0.00555459         0.4944
    211   1.49958     0.00553086          0.478
    212   1.49981     0.00550969          0.466
    213   1.50023     0.00549977         0.5032
    214   1.50029      0.0054745         0.4916
    215   1.49955     0.00549831         0.4764
    216   1.49946     0.00547369         0.4936
    217   1.49937     0.00544929         0.4976
    218   1.49986     0.00544676         0.5048
    219   1.49967     0.00542527         0.4832
    220   1.49999     0.00540993         0.4812
    221   1.50013     0.00538737         0.4932
    222   1.49988     0.00536923         0.4696
    223   1.49946     0.00536175         0.4672
    224   1.50013     0.00538007         0.5016
    225   1.50157     0.00554554         0.5128
    226   1.50188     0.00553013         0.4952
    227   1.50161     0.00551273         0.4664
    228    1.5011     0.00551175         0.4888
    229   1.50087     0.00549285         0.4704
    230   1.50153     0.00550956         0.4888
    231   1.50115     0.00549878          0.484
    232   1.50103     0.00547659         0.4728
    233   1.50055      0.0054736         0.4656
    234    1.5003     0.00545627         0.4728
    235   1.50082     0.00545816         0.5064
    236   1.50065     0.00543787         0.4948
    237   1.50058     0.00541544         0.4856
    238   1.50038     0.00539625          0.482
    239   1.50061     0.00537855         0.4872
    240   1.50063     0.00535622         0.4936
    241   1.50063     0.00533404          0.496
    242    1.5012     0.00534192         0.5136
    243    1.5009     0.00532834         0.4772
    244   1.50182     0.00538622         0.5144
    245   1.50194     0.00536551         0.4768
    246   1.50208     0.00534567         0.4976
    247   1.50225     0.00532672         0.5068
    248   1.50176      0.0053278         0.4512
    249   1.50136     0.00532149          0.464
    250   1.50162     0.00530651         0.4768
    251   1.50121     0.00530111         0.4556
    252   1.50212     0.00535863         0.4952
    253   1.50237     0.00534346          0.474
    254   1.50271     0.00533319          0.498
    255   1.50273     0.00531234         0.4804
    256   1.50247     0.00529775         0.4812
    257   1.50277      0.0052856         0.4892
    258   1.50257     0.00526873          0.464
    259   1.50247     0.00524953         0.4852
    260   1.50225      0.0052338          0.472
    261   1.50237     0.00521518         0.4892
    262   1.50242      0.0051955         0.4988
    263   1.50237     0.00517597         0.4724
    264   1.50258     0.00516046         0.4908
    265   1.50327     0.00518719          0.488
    266   1.50348     0.00517197         0.4924
    267   1.50349     0.00515266         0.4892
    268    1.5038     0.00514231         0.4764
    269   1.50358     0.00512775         0.4968
    270   1.50335     0.00511407         0.4608
    271   1.50284     0.00511997         0.4712
    272   1.50325     0.00511695            0.5
    273   1.50323     0.00509827         0.4904
    274   1.50298     0.00508567         0.4756
    275   1.50305     0.00506766           0.49
    276   1.50297     0.00505005         0.4636
    277   1.50322     0.00503833         0.4868
    278   1.50312     0.00502132         0.4876
    279   1.50289     0.00500858         0.4824
    280   1.50258      0.0050004         0.4716
    281   1.50241     0.00498534         0.4936
    282   1.50242      0.0049677         0.4844
    283   1.50291     0.00497439          0.486
    284   1.50316     0.00496303         0.4752
    285   1.50303     0.00494728           0.49
    286   1.50328     0.00493612         0.4924
    287   1.50288     0.00493509         0.4772
    288   1.50319     0.00492803         0.4772
    289   1.50326     0.00491143         0.4732
    290   1.50347     0.00489922         0.4988
    291    1.5033     0.00488549         0.4816
    292    1.5033      0.0048688         0.5004
    293   1.50321     0.00485312           0.47
    294   1.50323     0.00483667         0.4752
    295   1.50319     0.00482045         0.4888
    296    1.5028     0.00482014         0.4676
    297   1.50257     0.00480911          0.456
    298   1.50258       0.004793         0.4932
    299   1.50267     0.00477787         0.4712
    300   1.50322      0.0047938         0.5044
    301   1.50341      0.0047818         0.4884
    302   1.50292     0.00479171         0.4664
    303   1.50247     0.00479666          0.466
    304   1.50263     0.00478347         0.4928
    305   1.50237     0.00477477         0.4692
    306   1.50194     0.00477872         0.4592
    307   1.50179     0.00476544         0.4904
    308   1.50262      0.0048207         0.4836
    309    1.5028     0.00480856         0.5012
    310   1.50298     0.00479656         0.4916
    311   1.50254     0.00480108         0.4672
    312   1.50319     0.00482973          0.486
    313   1.50304     0.00481668         0.4744
    314   1.50304     0.00480137         0.4736
    315   1.50295     0.00478711         0.4768
    316   1.50257     0.00478683         0.4928
    317   1.50233     0.00477807         0.4524
    318    1.5029      0.0047977         0.5124
    319   1.50242     0.00480673         0.4696
    320    1.5023     0.00479339         0.4696
    321   1.50243     0.00478025         0.4888
    322   1.50252     0.00476639         0.4736
    323   1.50268     0.00475435         0.4904
    324   1.50281     0.00474147         0.4752
    325   1.50298     0.00472996         0.4732
    326   1.50288     0.00471647         0.4568
    327   1.50324     0.00471553          0.484
    328   1.50339     0.00470364         0.4976
    329   1.50325     0.00469157         0.4968
    330   1.50357     0.00468844         0.4884
    331   1.50387     0.00468369          0.492
    332   1.50378     0.00467036         0.4776
    333   1.50336     0.00467584         0.4616
    334   1.50336     0.00466186         0.4596
    335   1.50295     0.00466607         0.4732
    336    1.5027     0.00465858         0.4648
    337   1.50301      0.0046551         0.4888
    338    1.5029     0.00464274          0.474
    339   1.50265     0.00463563          0.442
    340   1.50237     0.00463042         0.4788
    341   1.50273     0.00463048         0.5076
    342   1.50255     0.00462045         0.4812
    343   1.50255       0.004607         0.4896
    344   1.50274     0.00459722          0.484
    345   1.50294     0.00458827          0.504
    346   1.50327     0.00458732         0.4892
    347   1.50328     0.00457413          0.466
    348   1.50321     0.00456154          0.476
    349    1.5032     0.00454849         0.4692
    350   1.50372     0.00456506         0.4964
    351   1.50376      0.0045522         0.4988
    352   1.50392      0.0045422         0.4752
    353   1.50401     0.00453022           0.48
    354   1.50439     0.00453315            0.5
    355   1.50434     0.00452067         0.4764
    356   1.50456     0.00451376         0.4736
    357   1.50469     0.00450293          0.472
    358   1.50455     0.00449275         0.4812
    359   1.50473     0.00448406          0.512
    360    1.5048     0.00447219         0.4948
    361   1.50448     0.00447147         0.4532
    362   1.50418     0.00446931         0.4808
    363    1.5043     0.00445879         0.4884
    364   1.50422     0.00444727          0.486
    365   1.50442     0.00443942         0.4812
    366   1.50465     0.00443347         0.5028
    367   1.50461     0.00442157         0.4856
    368   1.50476     0.00441209          0.492
    369   1.50451     0.00440768         0.4568
    370   1.50476     0.00440311         0.4988
    371   1.50478     0.00439129         0.4612
    372   1.50481     0.00437966         0.5012
    373   1.50447     0.00438173         0.4816
    374   1.50415     0.00438133         0.4816
    375   1.50372     0.00439126         0.4664
    376   1.50345     0.00438765         0.4892
    377   1.50364     0.00438004          0.494
    378   1.50348     0.00437143         0.5024
    379   1.50336     0.00436143         0.4676
    380   1.50321     0.00435258         0.4796
    381   1.50305     0.00434426          0.482
    382   1.50304      0.0043329         0.4876
    383   1.50287     0.00432504         0.4684
    384   1.50249     0.00433101          0.468
    385   1.50264     0.00432258         0.4944
    386   1.50283     0.00431527         0.4908
    387   1.50266     0.00430736          0.466
    388   1.50244     0.00430191         0.4696
    389    1.5026     0.00429387         0.4808
    390   1.50269     0.00428394         0.4668
    391   1.50263     0.00427347         0.4716
    392   1.50257     0.00426302         0.4816
    393    1.5026     0.00425226         0.4808
    394   1.50229     0.00425222         0.4692
    395   1.50218     0.00424288         0.4744
    396   1.50233     0.00423476         0.4936
    397   1.50235     0.00422415         0.4952
    398   1.50217     0.00421749          0.464
    399   1.50219     0.00420698          0.484
