# BLOCK   OBS_AVE          ERROR     ACCEPTANCE
      0   10.5107              0         0.5228
      1   5.99271        4.51795         0.4668
      2   4.52097        2.99499         0.4812
      3   3.77128        2.24656          0.456
      4    3.3205        1.79761         0.4692
      5   3.00622        1.50101         0.4932
      6   2.79873        1.28545         0.4816
      7   2.63693        1.12493          0.464
      8   2.53672       0.997139         0.5152
      9    2.4317       0.898031         0.4836
     10    2.3683        0.81477         0.5116
     11   2.29145       0.747739         0.4892
     12   2.22343       0.691176         0.4628
     13   2.16105       0.642938          0.466
     14   2.11484       0.600323         0.4652
     15   2.07544       0.562931         0.4796
     16   2.03987       0.529977         0.4492
     17   2.01916       0.500096         0.4884
     18   1.99273       0.473781         0.4772
     19   1.96921       0.450083         0.4736
     20   1.94715       0.428682          0.488
     21   1.92813       0.409175         0.4796
     22   1.91438       0.391222         0.4984
     23   1.89929        0.37487         0.4808
     24   1.87905       0.360132         0.4636
     25   1.86271       0.346389         0.4708
     26   1.84809       0.333634         0.4608
     27   1.83302       0.321851          0.462
     28   1.81948       0.310849         0.4704
     29   1.81178       0.300408         0.4796
     30   1.80378       0.290666         0.4828
     31   1.79713       0.281514         0.4796
     32   1.78618        0.27307         0.4532
     33   1.77506        0.26515          0.464
     34   1.76564       0.257635          0.484
     35   1.75802       0.250492          0.472
     36   1.75157       0.243713         0.4664
     37   1.74317       0.237362         0.4756
     38   1.73529        0.23133           0.47
     39   1.72976        0.22554         0.4756
     40   1.72604       0.220002         0.4772
     41   1.72141        0.21475         0.4712
     42   1.71529       0.209786         0.4648
     43   1.70756       0.205108         0.4752
     44   1.69986       0.200646         0.4376
     45   1.69433       0.196314         0.4848
     46   1.69116       0.192117         0.4852
     47   1.68726       0.188113         0.4892
     48   1.68333       0.184276         0.4844
     49   1.67954       0.180592         0.4624
     50   1.67498       0.177075         0.4772
     51   1.67141       0.173673         0.4648
     52    1.6662       0.170444         0.4752
     53   1.66358       0.167278         0.5024
     54   1.65998       0.164248         0.4612
     55   1.65566       0.161346         0.4932
     56   1.65186       0.158536          0.472
     57   1.64933       0.155799         0.4552
     58   1.64606       0.153171         0.4872
     59   1.64437       0.150606         0.4764
     60   1.64133       0.148147         0.4816
     61   1.63905       0.145756         0.4668
     62   1.63561       0.143465         0.4744
     63   1.63301       0.141229         0.4792
     64   1.63167       0.139046         0.4888
     65    1.6279       0.136975         0.4656
     66   1.62679        0.13492         0.4996
     67   1.62379       0.132955         0.4688
     68   1.62234       0.131022          0.484
     69   1.62012       0.129156         0.4676
     70    1.6173       0.127355         0.4688
     71   1.61668       0.125575         0.4792
     72   1.61408        0.12387         0.4724
     73   1.61224       0.122199         0.4608
     74   1.60939       0.120592         0.4624
     75    1.6091       0.118995         0.5028
     76   1.60732       0.117453         0.4716
     77   1.60666       0.115939          0.472
     78   1.60643       0.114462         0.4668
     79   1.60379       0.113053         0.4764
     80   1.60311       0.111651         0.4904
     81   1.60179       0.110289         0.4676
     82   1.60089       0.108956         0.4844
     83   1.59892       0.107669         0.4712
     84   1.59804       0.106398         0.4852
     85   1.59898       0.105158          0.494
     86   1.59821       0.103945         0.4992
     87   1.59737        0.10276         0.4684
     88    1.5956       0.101615         0.4668
     89   1.59342       0.100503         0.4688
     90   1.59246       0.099397         0.4888
     91   1.59029      0.0983347         0.4636
     92   1.58926       0.097277         0.4812
     93   1.58857       0.096239           0.47
     94   1.58923      0.0952229          0.506
     95   1.58825      0.0942309         0.4664
     96   1.58565      0.0932906          0.446
     97   1.58482      0.0923375         0.4872
     98   1.58427      0.0914017          0.488
     99   1.58383      0.0904842         0.4812
    100   1.58482      0.0895893            0.5
    101   1.58494      0.0887067         0.4864
    102   1.58368      0.0878502         0.4792
    103   1.58171      0.0870237         0.4512
    104   1.58053       0.086199         0.4672
    105   1.57922       0.085392         0.4752
    106   1.57907      0.0845903         0.4632
    107   1.57849      0.0838054          0.496
    108   1.57791       0.083035         0.4856
    109   1.57686      0.0822834         0.4684
    110   1.57614      0.0815419          0.494
    111   1.57629      0.0808107         0.4732
    112   1.57571      0.0800945         0.4568
    113   1.57488      0.0793931         0.4632
    114   1.57475      0.0786998         0.4904
    115   1.57459      0.0780186         0.4912
    116   1.57309      0.0773634         0.4604
    117   1.57229      0.0767091          0.478
    118   1.57118      0.0760698         0.4664
    119   1.56998      0.0754429         0.4672
    120   1.56999      0.0748168         0.4712
    121   1.56852      0.0742156         0.4776
    122   1.56745      0.0736175          0.478
    123   1.56748      0.0730214         0.4776
    124    1.5669      0.0724372         0.4832
    125   1.56841      0.0718757         0.4952
    126   1.56752       0.071313           0.46
    127   1.56751      0.0707537         0.4732
    128   1.56781      0.0702037          0.482
    129   1.56708      0.0696654         0.4856
    130   1.56733       0.069132           0.47
    131   1.56641      0.0686125         0.4972
    132   1.56548       0.068101          0.472
    133   1.56454      0.0675973         0.4792
    134   1.56394      0.0670974          0.476
    135   1.56411      0.0666024          0.492
    136   1.56273      0.0661289         0.4696
    137   1.56217      0.0656503         0.4812
    138   1.56188      0.0651769         0.4904
    139   1.56225      0.0647108         0.4788
    140   1.56164      0.0642531          0.486
    141   1.56086      0.0638037         0.4848
    142   1.56022      0.0633593         0.4656
    143   1.56036      0.0629179         0.4784
    144   1.56019      0.0624827         0.4732
    145   1.55989       0.062054         0.4748
    146   1.55888      0.0616387         0.4696
    147   1.55886      0.0612208         0.4856
    148   1.55757      0.0608224         0.4524
    149   1.55742      0.0604157           0.48
    150   1.55726      0.0600145         0.4908
    151   1.55579      0.0596365          0.452
    152   1.55576      0.0592455         0.4656
    153   1.55573      0.0588595          0.492
    154   1.55582      0.0584786          0.492
    155   1.55582      0.0581026         0.4668
    156   1.55507      0.0577362          0.488
    157   1.55445      0.0573729         0.4868
    158   1.55301      0.0570292           0.47
    159   1.55294      0.0566717         0.4704
    160   1.55279      0.0563188         0.4792
    161   1.55287      0.0559701         0.4648
    162   1.55292      0.0556257          0.498
    163    1.5526      0.0552864          0.482
    164   1.55252      0.0549503         0.4864
    165   1.55228      0.0546188         0.4804
    166   1.55156      0.0542956         0.4656
    167   1.55147      0.0539715          0.474
    168   1.55125      0.0536517         0.4732
    169   1.55132      0.0533352         0.4924
    170   1.55105       0.053023         0.4672
    171   1.55039       0.052718         0.4624
    172   1.55024      0.0524126           0.49
    173   1.55067      0.0521123         0.5232
    174   1.55121      0.0518165         0.4856
    175    1.5504      0.0515277         0.4592
    176   1.54968      0.0512407         0.4576
    177   1.54905       0.050956         0.4704
    178   1.54906      0.0506705          0.472
    179   1.54874      0.0503892         0.4708
    180   1.54815      0.0501135         0.4784
    181   1.54776      0.0498389         0.4756
    182   1.54721      0.0495689         0.4708
    183   1.54661      0.0493024         0.4588
    184   1.54635      0.0490359          0.482
    185   1.54576      0.0487751         0.4624
    186   1.54563      0.0485138         0.4836
    187   1.54545      0.0482553         0.4768
    188   1.54548      0.0479993          0.454
    189   1.54499      0.0477486         0.4568
    190   1.54461      0.0474994         0.4584
    191   1.54432      0.0472523          0.476
    192   1.54442      0.0470069         0.4872
    193   1.54434      0.0467641         0.4924
    194    1.5443      0.0465237         0.4876
    195   1.54425      0.0462857         0.4776
    196   1.54372      0.0460532         0.4584
    197   1.54331      0.0458218         0.4816
    198   1.54286      0.0455932         0.4804
    199   1.54264      0.0453652         0.4768
    200   1.54244      0.0451394         0.4748
    201   1.54273      0.0449164         0.4736
    202   1.54274      0.0446945         0.4972
    203   1.54255      0.0444753         0.4792
    204    1.5419      0.0442625         0.4708
    205    1.5422      0.0440481         0.4908
    206   1.54198      0.0438353         0.4796
    207   1.54191      0.0436241         0.4848
    208   1.54177      0.0434151         0.4828
    209   1.54164      0.0432081          0.478
    210   1.54122      0.0430048          0.474
    211   1.54111      0.0428017         0.4956
    212   1.54053      0.0426042          0.458
    213   1.54042      0.0424048         0.4796
    214   1.54004      0.0422088         0.4724
    215   1.53958      0.0420155         0.4808
    216   1.53943      0.0418217          0.482
    217   1.53912      0.0416306          0.478
    218    1.5395      0.0414418         0.5124
    219   1.53918      0.0412542         0.4856
    220   1.53967        0.04107         0.4744
    221   1.53966      0.0408846         0.4808
    222   1.53923       0.040703         0.4668
    223   1.53956      0.0405222         0.4856
    224   1.53988       0.040343         0.4684
    225    1.5397      0.0401645           0.48
    226   1.53933       0.039989          0.458
    227    1.5388      0.0398167         0.4604
    228   1.53969      0.0396525         0.4808
    229   1.53951      0.0394801          0.468
    230   1.53931      0.0393093         0.4628
    231   1.53873      0.0391438         0.4868
    232   1.53859      0.0389757         0.4924
    233   1.53821      0.0388107         0.4644
    234   1.53838      0.0386456         0.4844
    235   1.53849      0.0384816         0.4944
    236   1.53851      0.0383189         0.4752
    237   1.53833       0.038158         0.4864
    238   1.53828      0.0379981         0.4824
    239   1.53875      0.0378424         0.4892
    240   1.53842      0.0376865         0.4784
    241   1.53798       0.037533         0.4636
    242   1.53765      0.0373797         0.4752
    243   1.53738      0.0372271          0.458
    244    1.5376      0.0370755         0.4812
    245    1.5373      0.0369258         0.4744
    246   1.53762      0.0367774         0.4936
    247   1.53781      0.0366293         0.5048
    248   1.53779      0.0364819         0.4644
    249    1.5375      0.0363368          0.484
    250   1.53707      0.0361943         0.4644
    251   1.53666      0.0360528         0.4704
    252   1.53643      0.0359108         0.4728
    253   1.53603      0.0357712         0.4816
    254   1.53612      0.0356308         0.4812
    255   1.53555      0.0354958         0.4624
    256   1.53538      0.0353578          0.472
    257   1.53523      0.0352208         0.4616
    258   1.53499      0.0350854         0.4724
    259   1.53459      0.0349525         0.4584
    260   1.53451      0.0348184         0.4664
    261   1.53405      0.0346884         0.4648
    262   1.53324      0.0345656         0.4576
    263   1.53301      0.0344352         0.4536
    264   1.53274      0.0343061         0.4712
    265   1.53251      0.0341776         0.4868
    266   1.53211      0.0340517         0.4644
    267   1.53192       0.033925         0.4976
    268   1.53189      0.0337986         0.4824
    269   1.53223       0.033675         0.4968
    270   1.53208      0.0335508          0.464
    271   1.53224      0.0334276           0.47
    272   1.53166      0.0333101         0.4828
    273   1.53185      0.0331889         0.4888
    274   1.53179       0.033068          0.468
    275   1.53181       0.032948         0.4848
    276     1.532      0.0328293         0.4964
    277   1.53188      0.0327112         0.4616
    278   1.53147      0.0325964         0.4752
    279   1.53098      0.0324834         0.4532
    280   1.53092      0.0323677         0.4704
    281   1.53053       0.032255         0.4712
    282    1.5305      0.0321408         0.4644
    283   1.53018      0.0320291         0.4664
    284   1.53019      0.0319165         0.5072
    285   1.52994      0.0318056         0.4784
    286   1.52956      0.0316969         0.4752
    287   1.52932      0.0315876         0.4712
    288   1.52952      0.0314788         0.5004
    289   1.52935      0.0313705         0.4756
    290   1.52893      0.0312653         0.4704
    291   1.52842      0.0311622          0.468
    292   1.52852      0.0310558         0.4844
    293   1.52819      0.0309517         0.4744
    294   1.52783      0.0308488         0.4772
    295   1.52712      0.0307525         0.4484
    296   1.52724      0.0306489          0.492
    297   1.52708      0.0305463         0.4664
    298   1.52642      0.0304512         0.4716
    299   1.52614      0.0303508         0.4736
    300   1.52548       0.030257         0.4468
    301   1.52523      0.0301577         0.4968
    302   1.52512      0.0300582         0.4668
    303   1.52472      0.0299618         0.4784
    304   1.52473      0.0298634         0.4708
    305   1.52483      0.0297658         0.4952
    306   1.52465      0.0296693          0.466
    307   1.52444      0.0295735         0.4768
    308   1.52463      0.0294783         0.4744
    309   1.52447      0.0293835         0.4812
    310   1.52421        0.02929          0.494
    311   1.52446      0.0291971         0.4832
    312   1.52414      0.0291054         0.4596
    313   1.52396      0.0290131         0.4656
    314   1.52395      0.0289209         0.4908
    315   1.52389      0.0288293          0.476
    316   1.52434      0.0287418         0.4828
    317   1.52418      0.0286518         0.4636
    318   1.52408       0.028562         0.4736
    319   1.52377      0.0284743         0.4684
    320   1.52333      0.0283889         0.4892
    321   1.52305      0.0283019         0.4496
    322   1.52325      0.0282149           0.49
    323    1.5229      0.0281298         0.4552
    324   1.52305      0.0280435         0.4752
    325   1.52303      0.0279573         0.4736
    326   1.52283      0.0278724         0.4764
    327   1.52301      0.0277879         0.4788
    328   1.52312      0.0277035         0.4888
    329   1.52286      0.0276207         0.4848
    330    1.5226      0.0275383         0.4768
    331   1.52261      0.0274552          0.466
    332   1.52237      0.0273736          0.474
    333   1.52216      0.0272924         0.4648
    334   1.52232      0.0272113         0.4868
    335   1.52264       0.027132         0.4872
    336   1.52261      0.0270514         0.4692
    337   1.52305      0.0269749          0.478
    338   1.52315      0.0268954         0.4848
    339    1.5231      0.0268162         0.4916
    340   1.52362      0.0267425         0.4996
    341   1.52358      0.0266642         0.4864
    342   1.52354      0.0265864         0.4852
    343   1.52313      0.0265122         0.4732
    344   1.52285      0.0264367         0.4612
    345   1.52264       0.026361         0.4676
    346   1.52258       0.026285          0.486
    347   1.52293      0.0262117         0.4968
    348   1.52262      0.0261383         0.4592
    349   1.52254      0.0260636         0.4596
    350   1.52237      0.0259899         0.4604
    351   1.52226      0.0259161         0.4736
    352   1.52222      0.0258426         0.4604
    353   1.52232      0.0257697         0.4912
    354   1.52274      0.0257005         0.4912
    355   1.52267      0.0256283          0.484
    356   1.52253      0.0255568           0.48
    357   1.52274      0.0254862         0.4844
    358   1.52274      0.0254151         0.4924
    359   1.52287      0.0253447         0.5036
    360   1.52283      0.0252744         0.4784
    361   1.52306      0.0252056         0.4944
    362   1.52287      0.0251368         0.4652
    363   1.52289      0.0250677         0.4708
    364   1.52279      0.0249991         0.4752
    365   1.52269      0.0249309         0.4692
    366   1.52269      0.0248629          0.504
    367   1.52241      0.0247968          0.452
    368   1.52213      0.0247311         0.4952
    369   1.52232      0.0246649         0.4688
    370   1.52216      0.0245988         0.4776
    371   1.52228      0.0245329          0.482
    372   1.52178       0.024472         0.4692
    373   1.52124      0.0244124         0.4632
    374   1.52137      0.0243475         0.4816
    375    1.5213      0.0242828         0.4816
    376   1.52129      0.0242183         0.4764
    377   1.52131      0.0241541         0.4712
    378   1.52143      0.0240906         0.4796
    379   1.52135      0.0240273         0.4836
    380   1.52118      0.0239647          0.482
    381   1.52105      0.0239023         0.4728
    382   1.52092      0.0238402          0.478
    383   1.52085      0.0237781         0.4832
    384    1.5211      0.0237175         0.4812
    385   1.52141      0.0236581          0.496
    386   1.52124      0.0235975         0.4608
    387   1.52074       0.023542         0.4636
    388   1.52035      0.0234845         0.4688
    389   1.52058      0.0234254         0.4832
    390   1.52044      0.0233658         0.4748
    391   1.52066      0.0233072         0.4832
    392   1.52063      0.0232478         0.4868
    393    1.5208      0.0231893           0.47
    394   1.52082      0.0231306         0.5012
    395   1.52081      0.0230721         0.4732
    396   1.52074       0.023014         0.4724
    397   1.52059      0.0229566         0.4916
    398   1.52043      0.0228995         0.4728
    399   1.52045      0.0228422         0.4832
