# BLOCK   OBS_AVE          ERROR     ACCEPTANCE
      0   5.49228              0         0.5244
      1   5.18284       0.309431          0.508
      2   5.12746       0.187038         0.5172
      3   5.05699       0.149861         0.4976
      4   5.01251        0.12431         0.5112
      5   4.99691       0.102691         0.5076
      6    5.0096      0.0877126          0.516
      7   5.02725      0.0779843         0.5232
      8   5.04556      0.0711705          0.512
      9    5.0328      0.0649224         0.5224
     10   5.02099      0.0599009         0.5152
     11   5.02452      0.0547954         0.5116
     12   5.04715       0.055252          0.528
     13   5.04661      0.0511562         0.5024
     14   5.05485      0.0483308         0.5328
     15   5.04032      0.0474859         0.5024
     16   5.04877      0.0453978         0.5084
     17   5.04824      0.0428047         0.5392
     18   5.05868      0.0418126         0.5156
     19   5.06392       0.040012          0.536
     20   5.05095      0.0402086         0.5136
     21   5.05197      0.0383509         0.5168
     22   5.05237      0.0366478         0.5208
     23   5.06676      0.0379243          0.532
     24   5.05929      0.0371348         0.5364
     25   5.05053      0.0367385         0.4944
     26   5.04758      0.0354742          0.514
     27   5.04947      0.0342358         0.5136
     28   5.05977      0.0346016          0.526
     29   5.05428      0.0338749         0.5056
     30   5.04422      0.0342744         0.5236
     31   5.03672      0.0340223         0.4808
     32   5.03188      0.0333299         0.5084
     33   5.03222      0.0323365         0.5096
     34   5.02466      0.0322945         0.5184
     35   5.03421      0.0328045         0.5404
     36   5.03353      0.0319129         0.5216
     37   5.03116      0.0311522         0.5096
     38   5.02925      0.0304025         0.5196
     39     5.021      0.0307593         0.5044
     40     5.013      0.0310504          0.494
     41   5.00893       0.030573         0.5028
     42   5.01752      0.0310635         0.5268
     43   5.00974      0.0313312           0.49
     44   5.01237      0.0307399         0.5036
     45   5.01346      0.0300841         0.5096
     46   5.00962      0.0296864         0.5112
     47   5.00626      0.0292549         0.5292
     48   5.00875      0.0287595          0.534
     49   5.01865      0.0298661         0.5376
     50   5.01054      0.0303773          0.512
     51   5.01221      0.0298342         0.5092
     52   5.00805      0.0295607         0.4824
     53    5.0096      0.0290496         0.5092
     54   5.00453      0.0289641         0.5124
     55   5.00436      0.0284427         0.5304
     56   5.00154       0.028081          0.522
     57   4.99966      0.0276566         0.5132
     58   4.99837      0.0272147         0.5116
     59   5.00316      0.0271829         0.5372
     60   5.00216      0.0267524         0.5176
     61   4.99881      0.0265295         0.5244
     62   4.99412      0.0265227            0.5
     63   4.99273      0.0261418         0.5076
     64   4.99003      0.0258784          0.498
     65   4.98813      0.0255536         0.5124
     66     4.993      0.0256363         0.5196
     67   4.99281      0.0252572         0.5092
     68    4.9937      0.0249044         0.5304
     69   4.99178      0.0246212         0.5136
     70   4.98835      0.0245135          0.532
     71   4.98893      0.0241776         0.5076
     72   4.99373      0.0243229         0.5332
     73   4.99719      0.0242406         0.5244
     74   5.00201      0.0243956         0.5128
     75   5.00328      0.0241057         0.5152
     76   5.00556      0.0238998         0.5164
     77   5.00697      0.0236333          0.522
     78   5.00568      0.0233678          0.514
     79   5.00302      0.0232263         0.5124
     80   5.00051      0.0230745         0.5124
     81   5.00165      0.0228199         0.5192
     82   5.00393      0.0226584         0.5188
     83    5.0052      0.0224227         0.5108
     84   5.00868      0.0224284         0.5236
     85   5.00901      0.0221686         0.5168
     86   5.00708      0.0219971         0.5184
     87   5.00475      0.0218696         0.5056
     88   5.00171      0.0218359         0.5036
     89    5.0014      0.0215941          0.514
     90   4.99859      0.0215404          0.516
     91   4.99902      0.0213093         0.5112
     92   5.00145      0.0212184           0.51
     93   4.99856      0.0211885         0.5164
     94   4.99936      0.0209794          0.522
     95   4.99971      0.0207627         0.5116
     96   4.99991      0.0205485         0.5032
     97   5.00015      0.0203391         0.5208
     98   4.99541      0.0206813         0.5012
     99   4.99246      0.0206853         0.4836
    100   4.99002      0.0206251         0.5064
    101   4.99172       0.020493          0.526
    102   4.99191      0.0202939         0.5132
    103   4.99204      0.0200983         0.5204
    104   4.99305      0.0199314         0.5144
    105    4.9913      0.0198199         0.5156
    106   4.98979      0.0196918         0.5032
    107   4.99149      0.0195826         0.5108
    108   4.99179      0.0194045          0.522
    109   4.99408       0.019363         0.4992
    110   4.99139      0.0193755           0.52
    111   4.98869      0.0193905         0.4996
    112   4.98714      0.0192807         0.5128
    113   4.98924      0.0192258         0.5132
    114   4.98874      0.0190645         0.5152
    115   4.98657      0.0190232         0.5056
    116   4.98811      0.0189222         0.5328
    117   4.98953      0.0188154         0.5308
    118   4.99036       0.018675          0.512
    119   4.98873      0.0185908         0.5132
    120   4.98808      0.0184478         0.5096
    121   4.98949      0.0183498         0.5176
    122    4.9894      0.0182002          0.506
    123   4.98846      0.0180774         0.5028
    124   4.98722      0.0179748         0.5028
    125   4.98895      0.0179157         0.5336
    126   4.99016      0.0178152         0.5212
    127   4.98952       0.017687         0.5168
    128   4.99039      0.0175706         0.5256
    129   4.99162      0.0174781         0.5076
    130   4.99165      0.0173442         0.5132
    131   4.99411      0.0173865         0.5144
    132    4.9954      0.0173037         0.5028
    133   4.99449      0.0171981          0.504
    134   4.99412      0.0170742         0.4964
    135   4.99174      0.0171147         0.5124
    136   4.99124      0.0169968         0.5156
    137   4.98891      0.0170325         0.5116
    138   4.98931      0.0169142          0.504
    139    4.9893       0.016793         0.5264
    140   4.98965      0.0166771         0.5016
    141   4.99151      0.0166631         0.5236
    142   4.99346      0.0166609         0.5248
    143   4.99429      0.0165656           0.52
    144   4.99482      0.0164593         0.5248
    145   4.99619      0.0164041         0.5232
    146   4.99545      0.0163092         0.5236
    147   4.99506      0.0162032         0.5276
    148   4.99645      0.0161535         0.5352
    149   4.99775      0.0160982         0.5408
    150    4.9972      0.0160007          0.508
    151     4.999      0.0159963         0.5204
    152    4.9991      0.0158918         0.5104
    153   5.00116      0.0159208         0.5184
    154   5.00202      0.0158417          0.528
    155    5.0009      0.0157799         0.5156
    156   5.00192      0.0157119          0.508
    157   5.00243      0.0156204         0.5288
    158   5.00099       0.015588            0.5
    159   5.00067      0.0154936         0.5144
    160   4.99979       0.015422         0.5092
    161   5.00213      0.0155038         0.5104
    162   5.00259      0.0154154         0.5192
    163   5.00249      0.0153215         0.5016
    164   5.00303       0.015238         0.5004
    165   5.00358      0.0151558         0.5428
    166   5.00278      0.0150861         0.5164
    167   5.00329      0.0150048         0.5216
    168   5.00666      0.0152926         0.5464
    169   5.00781       0.015246           0.53
    170     5.007      0.0151782          0.522
    171   5.00553      0.0151617         0.5052
    172   5.00715      0.0151606         0.5116
    173   5.00757      0.0150791         0.5352
    174    5.0054       0.015149         0.5148
    175   5.00581      0.0150683         0.5484
    176   5.00588      0.0149831         0.5108
    177   5.00444      0.0149684         0.5044
    178    5.0032      0.0149356         0.5044
    179   5.00471      0.0149285         0.5464
    180   5.00575      0.0148822         0.5204
    181   5.00554      0.0148018         0.5176
    182   5.00647      0.0147501         0.5264
    183   5.00494      0.0147488         0.4988
    184   5.00352      0.0147379          0.494
    185   5.00403      0.0146672         0.5256
    186   5.00397      0.0145887         0.5168
    187   5.00293      0.0145482         0.4944
    188    5.0022      0.0144897         0.5132
    189   5.00228      0.0144135         0.5444
    190   5.00019      0.0144899         0.4768
    191   5.00074       0.014425         0.5156
    192   5.00036      0.0143551         0.5208
    193   5.00137      0.0143165         0.5324
    194   5.00097      0.0142486         0.5176
    195   5.00215       0.014225          0.512
    196   5.00148      0.0141684          0.508
    197   5.00238      0.0141251         0.5364
    198   5.00066      0.0141589          0.512
    199   5.00188      0.0141411         0.5384
    200    5.0011      0.0140925          0.496
    201   5.00142      0.0140263         0.5136
    202   5.00265      0.0140113         0.5156
    203   5.00228      0.0139475         0.5132
    204   5.00129      0.0139147         0.5084
    205   5.00062      0.0138632         0.5204
    206   5.00024      0.0138011         0.5112
    207   4.99892       0.013798         0.5104
    208   5.00065      0.0138397         0.5108
    209   4.99971      0.0138057         0.5036
    210    4.9998      0.0137404         0.5112
    211    4.9986      0.0137283         0.5168
    212   4.99824      0.0136685         0.5016
    213   5.00053      0.0137956         0.5232
    214   5.00092      0.0137371         0.5328
    215   4.99936       0.013763         0.5168
    216   4.99923         0.0137         0.5204
    217   4.99868      0.0136482         0.5104
    218   4.99964      0.0136197         0.5184
    219    4.9993      0.0135621         0.5232
    220   4.99935      0.0135007         0.5116
    221   4.99926        0.01344         0.5168
    222   4.99961      0.0133841         0.5176
    223   4.99924      0.0133295          0.506
    224   5.00113      0.0134042         0.5244
    225    5.0032      0.0135044          0.546
    226   5.00292      0.0134476            0.5
    227   5.00331      0.0133941         0.5252
    228   5.00266      0.0133511         0.5288
    229   5.00232      0.0132975         0.5088
    230   5.00259      0.0132428         0.5196
    231   5.00167      0.0132176         0.5212
    232    5.0006      0.0132044         0.5008
    233    5.0002      0.0131539         0.5016
    234   4.99863      0.0131919          0.498
    235   4.99898      0.0131405         0.5244
    236    4.9978      0.0131375         0.5128
    237   4.99731      0.0130914         0.5144
    238   4.99782      0.0130465         0.5096
    239   4.99729      0.0130029         0.5036
    240   4.99777      0.0129577         0.5196
    241   4.99729       0.012913         0.5184
    242   4.99854      0.0129209         0.5308
    243   4.99832      0.0128697         0.4948
    244   4.99903      0.0128367         0.5292
    245   4.99924      0.0127861         0.5112
    246   5.00018      0.0127689         0.5268
    247   5.00034      0.0127184         0.5124
    248   4.99979      0.0126791         0.5092
    249    4.9989      0.0126601          0.494
    250   4.99988      0.0126482         0.5192
    251   4.99924      0.0126145         0.4992
    252   5.00022      0.0126033         0.5204
    253   4.99996      0.0125564         0.5008
    254   5.00135      0.0125839         0.5236
    255   5.00234      0.0125737           0.53
    256   5.00239      0.0125247         0.5268
    257   5.00218      0.0124779         0.5084
    258    5.0021      0.0124298         0.5232
    259   5.00181      0.0123854         0.5184
    260    5.0011      0.0123581         0.5052
    261   5.00167      0.0123237          0.508
    262   5.00225      0.0122909         0.5168
    263   5.00237      0.0122448         0.5008
    264   5.00151       0.012229         0.5084
    265   5.00282      0.0122541         0.5256
    266   5.00238      0.0122161         0.5028
    267   5.00163      0.0121934         0.5108
    268    5.0024      0.0121723         0.5148
    269   5.00317      0.0121511          0.544
    270   5.00333      0.0121072         0.5092
    271   5.00312      0.0120644         0.5172
    272   5.00226      0.0120507         0.5052
    273   5.00179      0.0120159         0.4976
    274   5.00119      0.0119871            0.5
    275   5.00203      0.0119731         0.5132
    276   5.00296      0.0119662         0.5216
    277   5.00431      0.0119991         0.5268
    278   5.00487       0.011969         0.5128
    279   5.00516      0.0119297         0.5216
    280   5.00599      0.0119159         0.5084
    281   5.00534      0.0118909         0.5104
    282   5.00549      0.0118497         0.5092
    283   5.00607      0.0118224         0.5132
    284   5.00655      0.0117907         0.5392
    285    5.0063       0.011752         0.5264
    286   5.00693      0.0117279          0.514
    287   5.00562      0.0117607         0.5008
    288   5.00773      0.0119077         0.5264
    289   5.00729      0.0118744         0.4788
    290    5.0079      0.0118492         0.5152
    291   5.00746      0.0118168         0.5044
    292   5.00745      0.0117764         0.5288
    293   5.00788      0.0117442         0.5076
    294   5.00821      0.0117091         0.5216
    295    5.0086      0.0116757         0.5268
    296   5.00779       0.011664         0.5136
    297    5.0068      0.0116669         0.4828
    298   5.00633      0.0116376         0.5272
    299    5.0074      0.0116485         0.5228
    300   5.00678      0.0116261         0.5164
    301    5.0072       0.011595         0.5224
    302   5.00676       0.011565         0.5008
    303    5.0076      0.0115577          0.518
    304   5.00749      0.0115203         0.5144
    305   5.00771      0.0114846         0.5172
    306   5.00723       0.011457         0.4936
    307   5.00688       0.011425         0.5212
    308   5.00862        0.01152          0.512
    309   5.00845       0.011484         0.5132
    310   5.00837      0.0114474         0.5196
    311   5.00857      0.0114123         0.4992
    312   5.00937      0.0114038         0.5144
    313   5.00989      0.0113794          0.516
    314   5.01045      0.0113573         0.5112
    315   5.00965      0.0113494         0.5056
    316   5.00902      0.0113313          0.528
    317   5.00913      0.0112962         0.4968
    318   5.01028      0.0113189          0.552
    319   5.01014      0.0112843         0.5116
    320   5.00976      0.0112554         0.4972
    321   5.00966      0.0112209           0.51
    322   5.00989      0.0111882          0.504
    323   5.01077      0.0111883         0.5248
    324   5.01098       0.011156         0.5188
    325   5.01149      0.0111332         0.5088
    326   5.01134         0.0111         0.5104
    327   5.01217      0.0110972         0.5152
    328    5.0119      0.0110667         0.4976
    329   5.01205      0.0110341         0.5216
    330   5.01291      0.0110342         0.5252
    331   5.01308      0.0110021         0.5204
    332   5.01322        0.01097          0.534
    333   5.01323      0.0109371          0.524
    334    5.0137      0.0109148         0.5164
    335    5.0127      0.0109282         0.5004
    336   5.01236       0.010901         0.5136
    337   5.01299      0.0108865           0.52
    338   5.01277      0.0108566         0.5016
    339   5.01231       0.010834         0.4964
    340   5.01181       0.010814         0.5144
    341   5.01194      0.0107831         0.5408
    342   5.01213      0.0107533         0.5332
    343   5.01185      0.0107255         0.4948
    344   5.01152      0.0106995         0.5108
    345   5.01138      0.0106694         0.5252
    346   5.01112      0.0106419         0.5096
    347   5.01103      0.0106116          0.506
    348   5.01084      0.0105829         0.5112
    349   5.01147      0.0105718         0.5116
    350   5.01205      0.0105572         0.4988
    351   5.01162      0.0105358          0.518
    352   5.01172      0.0105063          0.504
    353   5.01119        0.01049         0.4952
    354   5.01131      0.0104611         0.5224
    355    5.0111      0.0104338         0.4972
    356   5.01159      0.0104156         0.5164
    357   5.01248      0.0104246          0.508
    358   5.01225      0.0103979         0.4968
    359   5.01305      0.0103995         0.5288
    360   5.01281      0.0103734         0.5204
    361   5.01226      0.0103594         0.4784
    362   5.01189      0.0103376         0.5256
    363   5.01141      0.0103202         0.5016
    364   5.01058      0.0103251         0.5044
    365   5.01154      0.0103414         0.5248
    366    5.0114      0.0103142         0.5188
    367   5.01157      0.0102877         0.5184
    368   5.01228      0.0102838         0.5104
    369   5.01131      0.0103017         0.5044
    370    5.0119      0.0102908         0.5284
    371   5.01148      0.0102717         0.4876
    372   5.01116      0.0102491         0.5344
    373   5.01106      0.0102221          0.528
    374   5.01051        0.01021         0.5008
    375   5.01001      0.0101947         0.5108
    376   5.00917      0.0102028         0.5196
    377   5.00965      0.0101872          0.518
    378   5.01027      0.0101794         0.5372
    379    5.0096      0.0101749          0.504
    380   5.00942      0.0101498         0.5228
    381   5.00898      0.0101328          0.512
    382   5.00839      0.0101231          0.486
    383   5.00723      0.0101635         0.4892
    384   5.00635       0.010175         0.4952
    385   5.00663      0.0101524         0.5232
    386   5.00653      0.0101266         0.5124
    387   5.00611      0.0101095          0.516
    388   5.00577       0.010089         0.5188
    389   5.00618      0.0100713          0.516
    390   5.00525      0.0100884           0.48
    391   5.00531      0.0100629         0.5144
    392   5.00561      0.0100416          0.516
    393   5.00573      0.0100168         0.5276
    394   5.00483      0.0100312         0.4972
    395   5.00401      0.0100399         0.4876
    396   5.00387      0.0100156         0.5108
    397   5.00357      0.0099947         0.5268
    398   5.00341     0.00997089         0.5052
    399    5.0035     0.00994629         0.5184
